{"/home/travis/build/npmtest/node-npmtest-ascii-art/test.js":{"path":"/home/travis/build/npmtest/node-npmtest-ascii-art/test.js","s":{"1":2,"2":2,"3":2,"4":2,"5":2,"6":2,"7":2,"8":1,"9":2,"10":2,"11":1,"12":1,"13":1,"14":1,"15":2,"16":2,"17":2,"18":2,"19":1,"20":1,"21":2,"22":2,"23":2,"24":1,"25":1,"26":1,"27":1,"28":1,"29":1,"30":1,"31":1,"32":1,"33":1,"34":1,"35":1,"36":1,"37":1,"38":1,"39":2,"40":2,"41":1,"42":2,"43":2,"44":1,"45":2,"46":2,"47":1,"48":2,"49":2,"50":1,"51":1,"52":1,"53":1,"54":1},"b":{"1":[2,1,1,1],"2":[1,1,1,1],"3":[1,1],"4":[1,1],"5":[1,1],"6":[1,1],"7":[1,1],"8":[1,1],"9":[1,1],"10":[1,1,1],"11":[1,1],"12":[1,1],"13":[1,1],"14":[1,1],"15":[1,1],"16":[1,1],"17":[1,1]},"f":{"1":2,"2":2,"3":2,"4":2,"5":2,"6":1,"7":1,"8":1,"9":2,"10":2,"11":2,"12":2,"13":1},"fnMap":{"1":{"name":"(anonymous_1)","line":12,"loc":{"start":{"line":12,"column":1},"end":{"line":12,"column":13}}},"2":{"name":"(anonymous_2)","line":19,"loc":{"start":{"line":19,"column":5},"end":{"line":19,"column":17}}},"3":{"name":"(anonymous_3)","line":23,"loc":{"start":{"line":23,"column":24},"end":{"line":23,"column":36}}},"4":{"name":"(anonymous_4)","line":61,"loc":{"start":{"line":61,"column":5},"end":{"line":61,"column":17}}},"5":{"name":"(anonymous_5)","line":82,"loc":{"start":{"line":82,"column":5},"end":{"line":82,"column":17}}},"6":{"name":"(anonymous_6)","line":91,"loc":{"start":{"line":91,"column":77},"end":{"line":94,"column":10}}},"7":{"name":"(anonymous_7)","line":112,"loc":{"start":{"line":112,"column":83},"end":{"line":115,"column":10}},"skip":true},"8":{"name":"(anonymous_8)","line":123,"loc":{"start":{"line":123,"column":77},"end":{"line":126,"column":10}},"skip":true},"9":{"name":"(anonymous_9)","line":139,"loc":{"start":{"line":139,"column":12},"end":{"line":139,"column":40}},"skip":true},"10":{"name":"(anonymous_10)","line":147,"loc":{"start":{"line":147,"column":77},"end":{"line":150,"column":10}},"skip":true},"11":{"name":"(anonymous_11)","line":158,"loc":{"start":{"line":158,"column":83},"end":{"line":161,"column":10}},"skip":true},"12":{"name":"(anonymous_12)","line":169,"loc":{"start":{"line":169,"column":79},"end":{"line":172,"column":10}},"skip":true},"13":{"name":"(anonymous_13)","line":180,"loc":{"start":{"line":180,"column":75},"end":{"line":183,"column":10}},"skip":true}},"statementMap":{"1":{"start":{"line":12,"column":0},"end":{"line":195,"column":5}},"2":{"start":{"line":14,"column":4},"end":{"line":14,"column":14}},"3":{"start":{"line":19,"column":4},"end":{"line":56,"column":9}},"4":{"start":{"line":21,"column":8},"end":{"line":21,"column":19}},"5":{"start":{"line":23,"column":8},"end":{"line":35,"column":13}},"6":{"start":{"line":24,"column":12},"end":{"line":34,"column":13}},"7":{"start":{"line":25,"column":16},"end":{"line":28,"column":30}},"8":{"start":{"line":30,"column":16},"end":{"line":33,"column":27}},"9":{"start":{"line":37,"column":8},"end":{"line":39,"column":21}},"10":{"start":{"line":40,"column":8},"end":{"line":53,"column":9}},"11":{"start":{"line":43,"column":12},"end":{"line":46,"column":14}},"12":{"start":{"line":47,"column":12},"end":{"line":47,"column":18}},"13":{"start":{"line":50,"column":12},"end":{"line":51,"column":46}},"14":{"start":{"line":52,"column":12},"end":{"line":52,"column":18}},"15":{"start":{"line":55,"column":8},"end":{"line":55,"column":35}},"16":{"start":{"line":61,"column":4},"end":{"line":63,"column":9}},"17":{"start":{"line":62,"column":8},"end":{"line":62,"column":15}},"18":{"start":{"line":64,"column":4},"end":{"line":77,"column":5}},"19":{"start":{"line":70,"column":8},"end":{"line":70,"column":14}},"20":{"start":{"line":76,"column":8},"end":{"line":76,"column":14}},"21":{"start":{"line":82,"column":4},"end":{"line":84,"column":9}},"22":{"start":{"line":83,"column":8},"end":{"line":83,"column":15}},"23":{"start":{"line":85,"column":4},"end":{"line":194,"column":5}},"24":{"start":{"line":91,"column":8},"end":{"line":99,"column":10}},"25":{"start":{"line":98,"column":12},"end":{"line":98,"column":35}},"26":{"start":{"line":102,"column":8},"end":{"line":104,"column":63}},"27":{"start":{"line":105,"column":8},"end":{"line":105,"column":14}},"28":{"start":{"line":112,"column":8},"end":{"line":121,"column":10},"skip":true},"29":{"start":{"line":119,"column":12},"end":{"line":119,"column":55},"skip":true},"30":{"start":{"line":120,"column":12},"end":{"line":120,"column":48},"skip":true},"31":{"start":{"line":123,"column":8},"end":{"line":136,"column":10},"skip":true},"32":{"start":{"line":130,"column":12},"end":{"line":130,"column":76},"skip":true},"33":{"start":{"line":131,"column":12},"end":{"line":131,"column":73},"skip":true},"34":{"start":{"line":132,"column":12},"end":{"line":132,"column":74},"skip":true},"35":{"start":{"line":133,"column":12},"end":{"line":133,"column":79},"skip":true},"36":{"start":{"line":134,"column":12},"end":{"line":134,"column":25},"skip":true},"37":{"start":{"line":135,"column":12},"end":{"line":135,"column":45},"skip":true},"38":{"start":{"line":138,"column":8},"end":{"line":145,"column":14},"skip":true},"39":{"start":{"line":143,"column":16},"end":{"line":143,"column":29},"skip":true},"40":{"start":{"line":144,"column":16},"end":{"line":144,"column":55},"skip":true},"41":{"start":{"line":147,"column":8},"end":{"line":156,"column":10},"skip":true},"42":{"start":{"line":154,"column":12},"end":{"line":154,"column":25},"skip":true},"43":{"start":{"line":155,"column":12},"end":{"line":155,"column":45},"skip":true},"44":{"start":{"line":158,"column":8},"end":{"line":167,"column":10},"skip":true},"45":{"start":{"line":165,"column":12},"end":{"line":165,"column":25},"skip":true},"46":{"start":{"line":166,"column":12},"end":{"line":166,"column":48},"skip":true},"47":{"start":{"line":169,"column":8},"end":{"line":178,"column":10},"skip":true},"48":{"start":{"line":176,"column":12},"end":{"line":176,"column":25},"skip":true},"49":{"start":{"line":177,"column":12},"end":{"line":177,"column":46},"skip":true},"50":{"start":{"line":180,"column":8},"end":{"line":189,"column":10},"skip":true},"51":{"start":{"line":187,"column":12},"end":{"line":187,"column":94},"skip":true},"52":{"start":{"line":188,"column":12},"end":{"line":188,"column":48},"skip":true},"53":{"start":{"line":192,"column":8},"end":{"line":192,"column":35},"skip":true},"54":{"start":{"line":193,"column":8},"end":{"line":193,"column":14},"skip":true}},"branchMap":{"1":{"line":25,"type":"binary-expr","locations":[{"start":{"line":25,"column":23},"end":{"line":25,"column":62}},{"start":{"line":26,"column":20},"end":{"line":26,"column":70}},{"start":{"line":27,"column":20},"end":{"line":27,"column":71}},{"start":{"line":28,"column":20},"end":{"line":28,"column":29}}]},"2":{"line":30,"type":"binary-expr","locations":[{"start":{"line":30,"column":23},"end":{"line":30,"column":37}},{"start":{"line":31,"column":20},"end":{"line":31,"column":61}},{"start":{"line":32,"column":20},"end":{"line":32,"column":70}},{"start":{"line":33,"column":20},"end":{"line":33,"column":26}}]},"3":{"line":37,"type":"cond-expr","locations":[{"start":{"line":38,"column":14},"end":{"line":38,"column":20}},{"start":{"line":39,"column":14},"end":{"line":39,"column":20}}]},"4":{"line":40,"type":"switch","locations":[{"start":{"line":42,"column":8},"end":{"line":47,"column":18}},{"start":{"line":49,"column":8},"end":{"line":52,"column":18}}]},"5":{"line":44,"type":"binary-expr","locations":[{"start":{"line":44,"column":16},"end":{"line":44,"column":44}},{"start":{"line":44,"column":48},"end":{"line":44,"column":66}}]},"6":{"line":50,"type":"binary-expr","locations":[{"start":{"line":50,"column":21},"end":{"line":50,"column":49}},{"start":{"line":50,"column":53},"end":{"line":50,"column":72}}]},"7":{"line":64,"type":"switch","locations":[{"start":{"line":69,"column":4},"end":{"line":70,"column":14}},{"start":{"line":75,"column":4},"end":{"line":76,"column":14}}]},"8":{"line":85,"type":"switch","locations":[{"start":{"line":90,"column":4},"end":{"line":105,"column":14}},{"start":{"line":111,"column":4},"end":{"line":193,"column":14},"skip":true}]},"9":{"line":91,"type":"binary-expr","locations":[{"start":{"line":91,"column":42},"end":{"line":91,"column":73}},{"start":{"line":91,"column":77},"end":{"line":99,"column":9}}]},"10":{"line":102,"type":"binary-expr","locations":[{"start":{"line":102,"column":18},"end":{"line":102,"column":32}},{"start":{"line":103,"column":12},"end":{"line":103,"column":53}},{"start":{"line":104,"column":12},"end":{"line":104,"column":61}}]},"11":{"line":112,"type":"binary-expr","locations":[{"start":{"line":112,"column":45},"end":{"line":112,"column":79},"skip":true},{"start":{"line":112,"column":83},"end":{"line":121,"column":9},"skip":true}]},"12":{"line":123,"type":"binary-expr","locations":[{"start":{"line":123,"column":42},"end":{"line":123,"column":73},"skip":true},{"start":{"line":123,"column":77},"end":{"line":136,"column":9},"skip":true}]},"13":{"line":138,"type":"binary-expr","locations":[{"start":{"line":138,"column":48},"end":{"line":138,"column":85},"skip":true},{"start":{"line":139,"column":12},"end":{"line":145,"column":13},"skip":true}]},"14":{"line":147,"type":"binary-expr","locations":[{"start":{"line":147,"column":42},"end":{"line":147,"column":73},"skip":true},{"start":{"line":147,"column":77},"end":{"line":156,"column":9},"skip":true}]},"15":{"line":158,"type":"binary-expr","locations":[{"start":{"line":158,"column":45},"end":{"line":158,"column":79},"skip":true},{"start":{"line":158,"column":83},"end":{"line":167,"column":9},"skip":true}]},"16":{"line":169,"type":"binary-expr","locations":[{"start":{"line":169,"column":43},"end":{"line":169,"column":75},"skip":true},{"start":{"line":169,"column":79},"end":{"line":178,"column":9},"skip":true}]},"17":{"line":180,"type":"binary-expr","locations":[{"start":{"line":180,"column":41},"end":{"line":180,"column":71},"skip":true},{"start":{"line":180,"column":75},"end":{"line":189,"column":9},"skip":true}]}},"code":["/* istanbul instrument in package npmtest_ascii_art */","/*jslint","    bitwise: true,","    browser: true,","    maxerr: 8,","    maxlen: 96,","    node: true,","    nomen: true,","    regexp: true,","    stupid: true","*/","(function () {","    'use strict';","    var local;","","","","    // run shared js-env code - pre-init","    (function () {","        // init local","        local = {};","        // init modeJs","        local.modeJs = (function () {","            try {","                return typeof navigator.userAgent === 'string' &&","                    typeof document.querySelector('body') === 'object' &&","                    typeof XMLHttpRequest.prototype.open === 'function' &&","                    'browser';","            } catch (errorCaughtBrowser) {","                return module.exports &&","                    typeof process.versions.node === 'string' &&","                    typeof require('http').createServer === 'function' &&","                    'node';","            }","        }());","        // init global","        local.global = local.modeJs === 'browser'","            ? window","            : global;","        switch (local.modeJs) {","        // re-init local from window.local","        case 'browser':","            local = local.global.utility2.objectSetDefault(","                local.global.utility2_rollup || local.global.local,","                local.global.utility2","            );","            break;","        // re-init local from example.js","        case 'node':","            local = (local.global.utility2_rollup || require('utility2'))","                .requireExampleJsFromReadme();","            break;","        }","        // export local","        local.global.local = local;","    }());","","","","    // run shared js-env code - function","    (function () {","        return;","    }());","    switch (local.modeJs) {","","","","    // run browser js-env code - function","    case 'browser':","        break;","","","","    // run node js-env code - function","    case 'node':","        break;","    }","","","","    // run shared js-env code - post-init","    (function () {","        return;","    }());","    switch (local.modeJs) {","","","","    // run browser js-env code - post-init","    case 'browser':","        local.testCase_browser_nullCase = local.testCase_browser_nullCase || function (","            options,","            onError","        ) {","        /*","         * this function will test browsers's null-case handling-behavior-behavior","         */","            onError(null, options);","        };","","        // run tests","        local.nop(local.modeTest &&","            document.querySelector('#testRunButton1') &&","            document.querySelector('#testRunButton1').click());","        break;","","","","    // run node js-env code - post-init","    /* istanbul ignore next */","    case 'node':","        local.testCase_buildApidoc_default = local.testCase_buildApidoc_default || function (","            options,","            onError","        ) {","        /*","         * this function will test buildApidoc's default handling-behavior-behavior","         */","            options = { modulePathList: module.paths };","            local.buildApidoc(options, onError);","        };","","        local.testCase_buildApp_default = local.testCase_buildApp_default || function (","            options,","            onError","        ) {","        /*","         * this function will test buildApp's default handling-behavior-behavior","         */","            local.testCase_buildReadme_default(options, local.onErrorThrow);","            local.testCase_buildLib_default(options, local.onErrorThrow);","            local.testCase_buildTest_default(options, local.onErrorThrow);","            local.testCase_buildCustomOrg_default(options, local.onErrorThrow);","            options = [];","            local.buildApp(options, onError);","        };","","        local.testCase_buildCustomOrg_default = local.testCase_buildCustomOrg_default ||","            function (options, onError) {","            /*","             * this function will test buildCustomOrg's default handling-behavior","             */","                options = {};","                local.buildCustomOrg(options, onError);","            };","","        local.testCase_buildLib_default = local.testCase_buildLib_default || function (","            options,","            onError","        ) {","        /*","         * this function will test buildLib's default handling-behavior","         */","            options = {};","            local.buildLib(options, onError);","        };","","        local.testCase_buildReadme_default = local.testCase_buildReadme_default || function (","            options,","            onError","        ) {","        /*","         * this function will test buildReadme's default handling-behavior-behavior","         */","            options = {};","            local.buildReadme(options, onError);","        };","","        local.testCase_buildTest_default = local.testCase_buildTest_default || function (","            options,","            onError","        ) {","        /*","         * this function will test buildTest's default handling-behavior","         */","            options = {};","            local.buildTest(options, onError);","        };","","        local.testCase_webpage_default = local.testCase_webpage_default || function (","            options,","            onError","        ) {","        /*","         * this function will test webpage's default handling-behavior","         */","            options = { modeCoverageMerge: true, url: local.serverLocalHost + '?modeTest=1' };","            local.browserTest(options, onError);","        };","","        // run test-server","        local.testRunServer(local);","        break;","    }","}());",""],"l":{"12":2,"14":2,"19":2,"21":2,"23":2,"24":2,"25":2,"30":1,"37":2,"40":2,"43":1,"47":1,"50":1,"52":1,"55":2,"61":2,"62":2,"64":2,"70":1,"76":1,"82":2,"83":2,"85":2,"91":1,"98":1,"102":1,"105":1,"112":1,"119":1,"120":1,"123":1,"130":1,"131":1,"132":1,"133":1,"134":1,"135":1,"138":1,"143":2,"144":2,"147":1,"154":2,"155":2,"158":1,"165":2,"166":2,"169":1,"176":2,"177":2,"180":1,"187":1,"188":1,"192":1,"193":1}},"/home/travis/build/npmtest/node-npmtest-ascii-art/lib.npmtest_ascii_art.js":{"path":"/home/travis/build/npmtest/node-npmtest-ascii-art/lib.npmtest_ascii_art.js","s":{"1":2,"2":2,"3":2,"4":2,"5":2,"6":2,"7":2,"8":1,"9":2,"10":2,"11":2,"12":2,"13":1,"14":1,"15":1,"16":1},"b":{"1":[2,1,1,1],"2":[1,1,1,1],"3":[1,1],"4":[2,2],"5":[1,1]},"f":{"1":2,"2":2,"3":2},"fnMap":{"1":{"name":"(anonymous_1)","line":12,"loc":{"start":{"line":12,"column":1},"end":{"line":12,"column":13}}},"2":{"name":"(anonymous_2)","line":19,"loc":{"start":{"line":19,"column":5},"end":{"line":19,"column":17}}},"3":{"name":"(anonymous_3)","line":23,"loc":{"start":{"line":23,"column":24},"end":{"line":23,"column":36}}}},"statementMap":{"1":{"start":{"line":12,"column":0},"end":{"line":53,"column":5}},"2":{"start":{"line":14,"column":4},"end":{"line":14,"column":14}},"3":{"start":{"line":19,"column":4},"end":{"line":52,"column":9}},"4":{"start":{"line":21,"column":8},"end":{"line":21,"column":19}},"5":{"start":{"line":23,"column":8},"end":{"line":35,"column":13}},"6":{"start":{"line":24,"column":12},"end":{"line":34,"column":13}},"7":{"start":{"line":25,"column":16},"end":{"line":28,"column":30}},"8":{"start":{"line":30,"column":16},"end":{"line":33,"column":27}},"9":{"start":{"line":37,"column":8},"end":{"line":39,"column":21}},"10":{"start":{"line":41,"column":8},"end":{"line":41,"column":54}},"11":{"start":{"line":43,"column":8},"end":{"line":43,"column":54}},"12":{"start":{"line":45,"column":8},"end":{"line":51,"column":9}},"13":{"start":{"line":46,"column":12},"end":{"line":46,"column":60}},"14":{"start":{"line":48,"column":12},"end":{"line":48,"column":35}},"15":{"start":{"line":49,"column":12},"end":{"line":49,"column":49}},"16":{"start":{"line":50,"column":12},"end":{"line":50,"column":43}}},"branchMap":{"1":{"line":25,"type":"binary-expr","locations":[{"start":{"line":25,"column":23},"end":{"line":25,"column":62}},{"start":{"line":26,"column":20},"end":{"line":26,"column":70}},{"start":{"line":27,"column":20},"end":{"line":27,"column":71}},{"start":{"line":28,"column":20},"end":{"line":28,"column":29}}]},"2":{"line":30,"type":"binary-expr","locations":[{"start":{"line":30,"column":23},"end":{"line":30,"column":37}},{"start":{"line":31,"column":20},"end":{"line":31,"column":61}},{"start":{"line":32,"column":20},"end":{"line":32,"column":70}},{"start":{"line":33,"column":20},"end":{"line":33,"column":26}}]},"3":{"line":37,"type":"cond-expr","locations":[{"start":{"line":38,"column":14},"end":{"line":38,"column":20}},{"start":{"line":39,"column":14},"end":{"line":39,"column":20}}]},"4":{"line":41,"type":"binary-expr","locations":[{"start":{"line":41,"column":16},"end":{"line":41,"column":44}},{"start":{"line":41,"column":48},"end":{"line":41,"column":53}}]},"5":{"line":45,"type":"if","locations":[{"start":{"line":45,"column":8},"end":{"line":45,"column":8}},{"start":{"line":45,"column":8},"end":{"line":45,"column":8}}]}},"code":["/* istanbul instrument in package npmtest_ascii_art */","/*jslint","    bitwise: true,","    browser: true,","    maxerr: 8,","    maxlen: 96,","    node: true,","    nomen: true,","    regexp: true,","    stupid: true","*/","(function () {","    'use strict';","    var local;","","","","    // run shared js-env code - pre-init","    (function () {","        // init local","        local = {};","        // init modeJs","        local.modeJs = (function () {","            try {","                return typeof navigator.userAgent === 'string' &&","                    typeof document.querySelector('body') === 'object' &&","                    typeof XMLHttpRequest.prototype.open === 'function' &&","                    'browser';","            } catch (errorCaughtBrowser) {","                return module.exports &&","                    typeof process.versions.node === 'string' &&","                    typeof require('http').createServer === 'function' &&","                    'node';","            }","        }());","        // init global","        local.global = local.modeJs === 'browser'","            ? window","            : global;","        // init utility2_rollup","        local = local.global.utility2_rollup || local;","        // init lib","        local.local = local.npmtest_ascii_art = local;","        // init exports","        if (local.modeJs === 'browser') {","            local.global.utility2_npmtest_ascii_art = local;","        } else {","            module.exports = local;","            module.exports.__dirname = __dirname;","            module.exports.module = module;","        }","    }());","}());",""],"l":{"12":2,"14":2,"19":2,"21":2,"23":2,"24":2,"25":2,"30":1,"37":2,"41":2,"43":2,"45":2,"46":1,"48":1,"49":1,"50":1}},"/home/travis/build/npmtest/node-npmtest-ascii-art/example.js":{"path":"/home/travis/build/npmtest/node-npmtest-ascii-art/example.js","s":{"1":2,"2":2,"3":2,"4":2,"5":2,"6":2,"7":2,"8":1,"9":2,"10":2,"11":2,"12":2,"13":1,"14":2,"15":2,"16":2,"17":2,"18":2,"19":0,"20":2,"21":1,"22":1,"23":1,"24":1,"25":1,"26":0,"27":0,"28":1,"29":1,"30":2,"31":0,"32":0,"33":0,"34":1,"35":2,"36":2,"37":3,"38":3,"39":3,"40":3,"41":0,"42":3,"43":3,"44":3,"45":1,"46":3,"47":1,"48":1,"49":1,"50":1,"51":1,"52":1,"53":1,"54":1,"55":1,"56":1,"57":0,"58":1,"59":6,"60":6,"61":1,"62":2,"63":0,"64":2,"65":1,"66":1,"67":0,"68":0,"69":0,"70":0,"71":0,"72":0,"73":0,"74":0,"75":0,"76":0,"77":0,"78":0,"79":0,"80":0,"81":0,"82":0,"83":0},"b":{"1":[2,1,1,1],"2":[1,1,1,1],"3":[1,1],"4":[2,2],"5":[1,1],"6":[1,1],"7":[2,0],"8":[2,1,1,1,1,1],"9":[0,2,0],"10":[1,1],"11":[2,1,1],"12":[1,0],"13":[0,2],"14":[2,0,0,0,0,0,0],"15":[0,3],"16":[3,0],"17":[1,1],"18":[0,1],"19":[1,2,0,2],"20":[1,0],"21":[1,1],"22":[0,0],"23":[0,0],"24":[0,0],"25":[0,0],"26":[0,0],"27":[0,0],"28":[0,0]},"f":{"1":2,"2":2,"3":2,"4":2,"5":2,"6":2,"7":3,"8":3,"9":3,"10":1,"11":6,"12":0},"fnMap":{"1":{"name":"(anonymous_1)","line":26,"loc":{"start":{"line":26,"column":1},"end":{"line":26,"column":13}}},"2":{"name":"(anonymous_2)","line":33,"loc":{"start":{"line":33,"column":5},"end":{"line":33,"column":17}}},"3":{"name":"(anonymous_3)","line":37,"loc":{"start":{"line":37,"column":24},"end":{"line":37,"column":36}}},"4":{"name":"(anonymous_4)","line":69,"loc":{"start":{"line":69,"column":31},"end":{"line":69,"column":48}},"skip":true},"5":{"name":"(anonymous_5)","line":78,"loc":{"start":{"line":78,"column":26},"end":{"line":78,"column":45}},"skip":true},"6":{"name":"(anonymous_6)","line":123,"loc":{"start":{"line":123,"column":33},"end":{"line":123,"column":48}},"skip":true},"7":{"name":"(anonymous_7)","line":125,"loc":{"start":{"line":125,"column":27},"end":{"line":125,"column":39}},"skip":true},"8":{"name":"(anonymous_8)","line":133,"loc":{"start":{"line":133,"column":59},"end":{"line":133,"column":74}},"skip":true},"9":{"name":"(anonymous_9)","line":143,"loc":{"start":{"line":143,"column":45},"end":{"line":143,"column":62}},"skip":true},"10":{"name":"(anonymous_10)","line":144,"loc":{"start":{"line":144,"column":73},"end":{"line":144,"column":92}},"skip":true},"11":{"name":"(anonymous_11)","line":272,"loc":{"start":{"line":272,"column":51},"end":{"line":272,"column":77}},"skip":true},"12":{"name":"(anonymous_12)","line":315,"loc":{"start":{"line":315,"column":32},"end":{"line":315,"column":61}},"skip":true}},"statementMap":{"1":{"start":{"line":26,"column":0},"end":{"line":326,"column":5}},"2":{"start":{"line":28,"column":4},"end":{"line":28,"column":14}},"3":{"start":{"line":33,"column":4},"end":{"line":60,"column":9}},"4":{"start":{"line":35,"column":8},"end":{"line":35,"column":19}},"5":{"start":{"line":37,"column":8},"end":{"line":49,"column":13}},"6":{"start":{"line":38,"column":12},"end":{"line":48,"column":13}},"7":{"start":{"line":39,"column":16},"end":{"line":42,"column":30}},"8":{"start":{"line":44,"column":16},"end":{"line":47,"column":27}},"9":{"start":{"line":51,"column":8},"end":{"line":53,"column":21}},"10":{"start":{"line":55,"column":8},"end":{"line":57,"column":45}},"11":{"start":{"line":59,"column":8},"end":{"line":59,"column":35}},"12":{"start":{"line":61,"column":4},"end":{"line":325,"column":5}},"13":{"start":{"line":69,"column":8},"end":{"line":121,"column":10},"skip":true},"14":{"start":{"line":70,"column":12},"end":{"line":88,"column":13},"skip":true},"15":{"start":{"line":76,"column":16},"end":{"line":87,"column":19},"skip":true},"16":{"start":{"line":79,"column":20},"end":{"line":86,"column":21},"skip":true},"17":{"start":{"line":82,"column":24},"end":{"line":82,"column":43},"skip":true},"18":{"start":{"line":83,"column":24},"end":{"line":83,"column":30},"skip":true},"19":{"start":{"line":85,"column":24},"end":{"line":85,"column":49},"skip":true},"20":{"start":{"line":89,"column":12},"end":{"line":107,"column":13},"skip":true},"21":{"start":{"line":92,"column":16},"end":{"line":102,"column":17},"skip":true},"22":{"start":{"line":93,"column":20},"end":{"line":93,"column":86},"skip":true},"23":{"start":{"line":94,"column":20},"end":{"line":95,"column":45},"skip":true},"24":{"start":{"line":96,"column":20},"end":{"line":96,"column":42},"skip":true},"25":{"start":{"line":97,"column":20},"end":{"line":97,"column":48},"skip":true},"26":{"start":{"line":100,"column":20},"end":{"line":100,"column":85},"skip":true},"27":{"start":{"line":101,"column":20},"end":{"line":101,"column":96},"skip":true},"28":{"start":{"line":103,"column":16},"end":{"line":103,"column":22},"skip":true},"29":{"start":{"line":106,"column":16},"end":{"line":106,"column":22},"skip":true},"30":{"start":{"line":108,"column":12},"end":{"line":120,"column":13},"skip":true},"31":{"start":{"line":114,"column":16},"end":{"line":119,"column":17},"skip":true},"32":{"start":{"line":116,"column":20},"end":{"line":116,"column":78},"skip":true},"33":{"start":{"line":118,"column":20},"end":{"line":118,"column":47},"skip":true},"34":{"start":{"line":123,"column":8},"end":{"line":141,"column":11},"skip":true},"35":{"start":{"line":124,"column":12},"end":{"line":124,"column":54},"skip":true},"36":{"start":{"line":125,"column":12},"end":{"line":140,"column":14},"skip":true},"37":{"start":{"line":126,"column":16},"end":{"line":126,"column":28},"skip":true},"38":{"start":{"line":127,"column":16},"end":{"line":127,"column":69},"skip":true},"39":{"start":{"line":128,"column":16},"end":{"line":128,"column":75},"skip":true},"40":{"start":{"line":129,"column":16},"end":{"line":131,"column":17},"skip":true},"41":{"start":{"line":130,"column":20},"end":{"line":130,"column":27},"skip":true},"42":{"start":{"line":133,"column":16},"end":{"line":137,"column":36},"skip":true},"43":{"start":{"line":134,"column":20},"end":{"line":136,"column":55},"skip":true},"44":{"start":{"line":139,"column":16},"end":{"line":139,"column":57},"skip":true},"45":{"start":{"line":143,"column":8},"end":{"line":147,"column":11},"skip":true},"46":{"start":{"line":144,"column":12},"end":{"line":146,"column":15},"skip":true},"47":{"start":{"line":145,"column":16},"end":{"line":145,"column":70},"skip":true},"48":{"start":{"line":149,"column":8},"end":{"line":149,"column":31},"skip":true},"49":{"start":{"line":150,"column":8},"end":{"line":150,"column":14},"skip":true},"50":{"start":{"line":158,"column":8},"end":{"line":158,"column":31},"skip":true},"51":{"start":{"line":160,"column":8},"end":{"line":160,"column":33},"skip":true},"52":{"start":{"line":161,"column":8},"end":{"line":161,"column":37},"skip":true},"53":{"start":{"line":162,"column":8},"end":{"line":162,"column":35},"skip":true},"54":{"start":{"line":164,"column":8},"end":{"line":164,"column":50},"skip":true},"55":{"start":{"line":166,"column":8},"end":{"line":256,"column":2},"skip":true},"56":{"start":{"line":258,"column":8},"end":{"line":286,"column":9},"skip":true},"57":{"start":{"line":259,"column":12},"end":{"line":269,"column":14},"skip":true},"58":{"start":{"line":271,"column":12},"end":{"line":285,"column":19},"skip":true},"59":{"start":{"line":274,"column":20},"end":{"line":274,"column":35},"skip":true},"60":{"start":{"line":275,"column":20},"end":{"line":284,"column":21},"skip":true},"61":{"start":{"line":277,"column":24},"end":{"line":277,"column":64},"skip":true},"62":{"start":{"line":279,"column":24},"end":{"line":279,"column":40},"skip":true},"63":{"start":{"line":281,"column":24},"end":{"line":281,"column":40},"skip":true},"64":{"start":{"line":283,"column":24},"end":{"line":283,"column":39},"skip":true},"65":{"start":{"line":288,"column":8},"end":{"line":290,"column":9},"skip":true},"66":{"start":{"line":289,"column":12},"end":{"line":289,"column":18},"skip":true},"67":{"start":{"line":291,"column":8},"end":{"line":293,"column":54},"skip":true},"68":{"start":{"line":296,"column":8},"end":{"line":301,"column":37},"skip":true},"69":{"start":{"line":303,"column":8},"end":{"line":303,"column":82},"skip":true},"70":{"start":{"line":306,"column":8},"end":{"line":308,"column":9},"skip":true},"71":{"start":{"line":307,"column":12},"end":{"line":307,"column":82},"skip":true},"72":{"start":{"line":310,"column":8},"end":{"line":312,"column":9},"skip":true},"73":{"start":{"line":311,"column":12},"end":{"line":311,"column":18},"skip":true},"74":{"start":{"line":313,"column":8},"end":{"line":313,"column":54},"skip":true},"75":{"start":{"line":314,"column":8},"end":{"line":314,"column":69},"skip":true},"76":{"start":{"line":315,"column":8},"end":{"line":323,"column":36},"skip":true},"77":{"start":{"line":316,"column":12},"end":{"line":316,"column":61},"skip":true},"78":{"start":{"line":317,"column":12},"end":{"line":320,"column":13},"skip":true},"79":{"start":{"line":318,"column":16},"end":{"line":318,"column":75},"skip":true},"80":{"start":{"line":319,"column":16},"end":{"line":319,"column":23},"skip":true},"81":{"start":{"line":321,"column":12},"end":{"line":321,"column":38},"skip":true},"82":{"start":{"line":322,"column":12},"end":{"line":322,"column":27},"skip":true},"83":{"start":{"line":324,"column":8},"end":{"line":324,"column":14},"skip":true}},"branchMap":{"1":{"line":39,"type":"binary-expr","locations":[{"start":{"line":39,"column":23},"end":{"line":39,"column":62}},{"start":{"line":40,"column":20},"end":{"line":40,"column":70}},{"start":{"line":41,"column":20},"end":{"line":41,"column":71}},{"start":{"line":42,"column":20},"end":{"line":42,"column":29}}]},"2":{"line":44,"type":"binary-expr","locations":[{"start":{"line":44,"column":23},"end":{"line":44,"column":37}},{"start":{"line":45,"column":20},"end":{"line":45,"column":61}},{"start":{"line":46,"column":20},"end":{"line":46,"column":70}},{"start":{"line":47,"column":20},"end":{"line":47,"column":26}}]},"3":{"line":51,"type":"cond-expr","locations":[{"start":{"line":52,"column":14},"end":{"line":52,"column":20}},{"start":{"line":53,"column":14},"end":{"line":53,"column":20}}]},"4":{"line":55,"type":"binary-expr","locations":[{"start":{"line":55,"column":16},"end":{"line":55,"column":44}},{"start":{"line":55,"column":49},"end":{"line":57,"column":43}}]},"5":{"line":55,"type":"cond-expr","locations":[{"start":{"line":56,"column":14},"end":{"line":56,"column":53}},{"start":{"line":57,"column":14},"end":{"line":57,"column":43}}]},"6":{"line":61,"type":"switch","locations":[{"start":{"line":68,"column":4},"end":{"line":150,"column":14},"skip":true},{"start":{"line":156,"column":4},"end":{"line":324,"column":14},"skip":true}]},"7":{"line":70,"type":"if","locations":[{"start":{"line":70,"column":12},"end":{"line":70,"column":12},"skip":true},{"start":{"line":70,"column":12},"end":{"line":70,"column":12},"skip":true}]},"8":{"line":70,"type":"binary-expr","locations":[{"start":{"line":70,"column":16},"end":{"line":70,"column":22},"skip":true},{"start":{"line":70,"column":27},"end":{"line":70,"column":32},"skip":true},{"start":{"line":71,"column":20},"end":{"line":71,"column":39},"skip":true},{"start":{"line":72,"column":20},"end":{"line":72,"column":49},"skip":true},{"start":{"line":73,"column":20},"end":{"line":73,"column":58},"skip":true},{"start":{"line":74,"column":20},"end":{"line":74,"column":69},"skip":true}]},"9":{"line":79,"type":"switch","locations":[{"start":{"line":80,"column":20},"end":{"line":80,"column":33},"skip":true},{"start":{"line":81,"column":20},"end":{"line":83,"column":30},"skip":true},{"start":{"line":84,"column":20},"end":{"line":85,"column":49},"skip":true}]},"10":{"line":89,"type":"switch","locations":[{"start":{"line":90,"column":12},"end":{"line":103,"column":22},"skip":true},{"start":{"line":105,"column":12},"end":{"line":106,"column":22},"skip":true}]},"11":{"line":89,"type":"binary-expr","locations":[{"start":{"line":89,"column":20},"end":{"line":89,"column":25},"skip":true},{"start":{"line":89,"column":29},"end":{"line":89,"column":48},"skip":true},{"start":{"line":89,"column":52},"end":{"line":89,"column":74},"skip":true}]},"12":{"line":92,"type":"if","locations":[{"start":{"line":92,"column":16},"end":{"line":92,"column":16},"skip":true},{"start":{"line":92,"column":16},"end":{"line":92,"column":16},"skip":true}]},"13":{"line":108,"type":"if","locations":[{"start":{"line":108,"column":12},"end":{"line":108,"column":12},"skip":true},{"start":{"line":108,"column":12},"end":{"line":108,"column":12},"skip":true}]},"14":{"line":108,"type":"binary-expr","locations":[{"start":{"line":108,"column":16},"end":{"line":108,"column":61},"skip":true},{"start":{"line":108,"column":66},"end":{"line":108,"column":72},"skip":true},{"start":{"line":108,"column":77},"end":{"line":108,"column":82},"skip":true},{"start":{"line":109,"column":20},"end":{"line":109,"column":39},"skip":true},{"start":{"line":110,"column":20},"end":{"line":110,"column":49},"skip":true},{"start":{"line":111,"column":20},"end":{"line":111,"column":58},"skip":true},{"start":{"line":112,"column":20},"end":{"line":112,"column":68},"skip":true}]},"15":{"line":129,"type":"if","locations":[{"start":{"line":129,"column":16},"end":{"line":129,"column":16},"skip":true},{"start":{"line":129,"column":16},"end":{"line":129,"column":16},"skip":true}]},"16":{"line":134,"type":"cond-expr","locations":[{"start":{"line":135,"column":26},"end":{"line":135,"column":29},"skip":true},{"start":{"line":136,"column":26},"end":{"line":136,"column":54},"skip":true}]},"17":{"line":164,"type":"binary-expr","locations":[{"start":{"line":164,"column":27},"end":{"line":164,"column":43},"skip":true},{"start":{"line":164,"column":47},"end":{"line":164,"column":49},"skip":true}]},"18":{"line":258,"type":"if","locations":[{"start":{"line":258,"column":8},"end":{"line":258,"column":8},"skip":true},{"start":{"line":258,"column":8},"end":{"line":258,"column":8},"skip":true}]},"19":{"line":275,"type":"switch","locations":[{"start":{"line":276,"column":20},"end":{"line":277,"column":64},"skip":true},{"start":{"line":278,"column":20},"end":{"line":279,"column":40},"skip":true},{"start":{"line":280,"column":20},"end":{"line":281,"column":40},"skip":true},{"start":{"line":282,"column":20},"end":{"line":283,"column":39},"skip":true}]},"20":{"line":288,"type":"if","locations":[{"start":{"line":288,"column":8},"end":{"line":288,"column":8},"skip":true},{"start":{"line":288,"column":8},"end":{"line":288,"column":8},"skip":true}]},"21":{"line":288,"type":"binary-expr","locations":[{"start":{"line":288,"column":12},"end":{"line":288,"column":40},"skip":true},{"start":{"line":288,"column":44},"end":{"line":288,"column":67},"skip":true}]},"22":{"line":292,"type":"binary-expr","locations":[{"start":{"line":292,"column":12},"end":{"line":292,"column":50},"skip":true},{"start":{"line":293,"column":12},"end":{"line":293,"column":53},"skip":true}]},"23":{"line":297,"type":"binary-expr","locations":[{"start":{"line":297,"column":12},"end":{"line":297,"column":67},"skip":true},{"start":{"line":298,"column":12},"end":{"line":301,"column":36},"skip":true}]},"24":{"line":303,"type":"binary-expr","locations":[{"start":{"line":303,"column":43},"end":{"line":303,"column":75},"skip":true},{"start":{"line":303,"column":79},"end":{"line":303,"column":81},"skip":true}]},"25":{"line":306,"type":"if","locations":[{"start":{"line":306,"column":8},"end":{"line":306,"column":8},"skip":true},{"start":{"line":306,"column":8},"end":{"line":306,"column":8},"skip":true}]},"26":{"line":310,"type":"if","locations":[{"start":{"line":310,"column":8},"end":{"line":310,"column":8},"skip":true},{"start":{"line":310,"column":8},"end":{"line":310,"column":8},"skip":true}]},"27":{"line":313,"type":"binary-expr","locations":[{"start":{"line":313,"column":27},"end":{"line":313,"column":43},"skip":true},{"start":{"line":313,"column":47},"end":{"line":313,"column":53},"skip":true}]},"28":{"line":317,"type":"if","locations":[{"start":{"line":317,"column":12},"end":{"line":317,"column":12},"skip":true},{"start":{"line":317,"column":12},"end":{"line":317,"column":12},"skip":true}]}},"code":["/*","example.js","","quickstart example","","instruction","    1. save this script as example.js","    2. run the shell command:","        $ npm install npmtest-ascii-art && PORT=8081 node example.js","    3. play with the browser-demo on http://127.0.0.1:8081","*/","","","","/* istanbul instrument in package npmtest_ascii_art */","/*jslint","    bitwise: true,","    browser: true,","    maxerr: 8,","    maxlen: 96,","    node: true,","    nomen: true,","    regexp: true,","    stupid: true","*/","(function () {","    'use strict';","    var local;","","","","    // run shared js-env code - pre-init","    (function () {","        // init local","        local = {};","        // init modeJs","        local.modeJs = (function () {","            try {","                return typeof navigator.userAgent === 'string' &&","                    typeof document.querySelector('body') === 'object' &&","                    typeof XMLHttpRequest.prototype.open === 'function' &&","                    'browser';","            } catch (errorCaughtBrowser) {","                return module.exports &&","                    typeof process.versions.node === 'string' &&","                    typeof require('http').createServer === 'function' &&","                    'node';","            }","        }());","        // init global","        local.global = local.modeJs === 'browser'","            ? window","            : global;","        // init utility2_rollup","        local = local.global.utility2_rollup || (local.modeJs === 'browser'","            ? local.global.utility2_npmtest_ascii_art","            : global.utility2_moduleExports);","        // export local","        local.global.local = local;","    }());","    switch (local.modeJs) {","","","","    // post-init","    // run browser js-env code - post-init","    /* istanbul ignore next */","    case 'browser':","        local.testRunBrowser = function (event) {","            if (!event || (event &&","                    event.currentTarget &&","                    event.currentTarget.className &&","                    event.currentTarget.className.includes &&","                    event.currentTarget.className.includes('onreset'))) {","                // reset output","                Array.from(","                    document.querySelectorAll('body > .resettable')","                ).forEach(function (element) {","                    switch (element.tagName) {","                    case 'INPUT':","                    case 'TEXTAREA':","                        element.value = '';","                        break;","                    default:","                        element.textContent = '';","                    }","                });","            }","            switch (event && event.currentTarget && event.currentTarget.id) {","            case 'testRunButton1':","                // show tests","                if (document.querySelector('#testReportDiv1').style.display === 'none') {","                    document.querySelector('#testReportDiv1').style.display = 'block';","                    document.querySelector('#testRunButton1').textContent =","                        'hide internal test';","                    local.modeTest = true;","                    local.testRunDefault(local);","                // hide tests","                } else {","                    document.querySelector('#testReportDiv1').style.display = 'none';","                    document.querySelector('#testRunButton1').textContent = 'run internal test';","                }","                break;","            // custom-case","            default:","                break;","            }","            if (document.querySelector('#inputTextareaEval1') && (!event || (event &&","                    event.currentTarget &&","                    event.currentTarget.className &&","                    event.currentTarget.className.includes &&","                    event.currentTarget.className.includes('oneval')))) {","                // try to eval input-code","                try {","                    /*jslint evil: true*/","                    eval(document.querySelector('#inputTextareaEval1').value);","                } catch (errorCaught) {","                    console.error(errorCaught);","                }","            }","        };","        // log stderr and stdout to #outputTextareaStdout1","        ['error', 'log'].forEach(function (key) {","            console[key + '_original'] = console[key];","            console[key] = function () {","                var element;","                console[key + '_original'].apply(console, arguments);","                element = document.querySelector('#outputTextareaStdout1');","                if (!element) {","                    return;","                }","                // append text to #outputTextareaStdout1","                element.value += Array.from(arguments).map(function (arg) {","                    return typeof arg === 'string'","                        ? arg","                        : JSON.stringify(arg, null, 4);","                }).join(' ') + '\\n';","                // scroll textarea to bottom","                element.scrollTop = element.scrollHeight;","            };","        });","        // init event-handling","        ['change', 'click', 'keyup'].forEach(function (event) {","            Array.from(document.querySelectorAll('.on' + event)).forEach(function (element) {","                element.addEventListener(event, local.testRunBrowser);","            });","        });","        // run tests","        local.testRunBrowser();","        break;","","","","    // run node js-env code - post-init","    /* istanbul ignore next */","    case 'node':","        // export local","        module.exports = local;","        // require modules","        local.fs = require('fs');","        local.http = require('http');","        local.url = require('url');","        // init assets","        local.assetsDict = local.assetsDict || {};","        /* jslint-ignore-begin */","        local.assetsDict['/assets.index.template.html'] = '\\","<!doctype html>\\n\\","<html lang=\"en\">\\n\\","<head>\\n\\","<meta charset=\"UTF-8\">\\n\\","<meta name=\"viewport\" content=\"width=device-width, initial-scale=1\">\\n\\","<title>{{env.npm_package_name}} (v{{env.npm_package_version}})</title>\\n\\","<style>\\n\\","/*csslint\\n\\","    box-sizing: false,\\n\\","    universal-selector: false\\n\\","*/\\n\\","* {\\n\\","    box-sizing: border-box;\\n\\","}\\n\\","body {\\n\\","    background: #dde;\\n\\","    font-family: Arial, Helvetica, sans-serif;\\n\\","    margin: 2rem;\\n\\","}\\n\\","body > * {\\n\\","    margin-bottom: 1rem;\\n\\","}\\n\\",".utility2FooterDiv {\\n\\","    margin-top: 20px;\\n\\","    text-align: center;\\n\\","}\\n\\","</style>\\n\\","<style>\\n\\","/*csslint\\n\\","*/\\n\\","textarea {\\n\\","    font-family: monospace;\\n\\","    height: 10rem;\\n\\","    width: 100%;\\n\\","}\\n\\","textarea[readonly] {\\n\\","    background: #ddd;\\n\\","}\\n\\","</style>\\n\\","</head>\\n\\","<body>\\n\\","<!-- utility2-comment\\n\\","<div id=\"ajaxProgressDiv1\" style=\"background: #d00; height: 2px; left: 0; margin: 0; padding: 0; position: fixed; top: 0; transition: background 0.5s, width 1.5s; width: 25%;\"></div>\\n\\","utility2-comment -->\\n\\","<h1>\\n\\","<!-- utility2-comment\\n\\","    <a\\n\\","        {{#if env.npm_package_homepage}}\\n\\","        href=\"{{env.npm_package_homepage}}\"\\n\\","        {{/if env.npm_package_homepage}}\\n\\","        target=\"_blank\"\\n\\","    >\\n\\","utility2-comment -->\\n\\","        {{env.npm_package_name}} (v{{env.npm_package_version}})\\n\\","<!-- utility2-comment\\n\\","    </a>\\n\\","utility2-comment -->\\n\\","</h1>\\n\\","<h3>{{env.npm_package_description}}</h3>\\n\\","<!-- utility2-comment\\n\\","<h4><a download href=\"assets.app.js\">download standalone app</a></h4>\\n\\","<button class=\"onclick onreset\" id=\"testRunButton1\">run internal test</button><br>\\n\\","<div id=\"testReportDiv1\" style=\"display: none;\"></div>\\n\\","utility2-comment -->\\n\\","\\n\\","\\n\\","\\n\\","<label>stderr and stdout</label>\\n\\","<textarea class=\"resettable\" id=\"outputTextareaStdout1\" readonly></textarea>\\n\\","<!-- utility2-comment\\n\\","{{#if isRollup}}\\n\\","<script src=\"assets.app.js\"></script>\\n\\","{{#unless isRollup}}\\n\\","utility2-comment -->\\n\\","<script src=\"assets.utility2.rollup.js\"></script>\\n\\","<script src=\"jsonp.utility2._stateInit?callback=window.utility2._stateInit\"></script>\\n\\","<script src=\"assets.npmtest_ascii_art.rollup.js\"></script>\\n\\","<script src=\"assets.example.js\"></script>\\n\\","<script src=\"assets.test.js\"></script>\\n\\","<!-- utility2-comment\\n\\","{{/if isRollup}}\\n\\","utility2-comment -->\\n\\","<div class=\"utility2FooterDiv\">\\n\\","    [ this app was created with\\n\\","    <a href=\"https://github.com/kaizhu256/node-utility2\" target=\"_blank\">utility2</a>\\n\\","    ]\\n\\","</div>\\n\\","</body>\\n\\","</html>\\n\\","';","        /* jslint-ignore-end */","        if (local.templateRender) {","            local.assetsDict['/'] = local.templateRender(","                local.assetsDict['/assets.index.template.html'],","                {","                    env: local.objectSetDefault(local.env, {","                        npm_package_description: 'the greatest app in the world!',","                        npm_package_name: 'my-app',","                        npm_package_nameAlias: 'my_app',","                        npm_package_version: '0.0.1'","                    })","                }","            );","        } else {","            local.assetsDict['/'] = local.assetsDict['/assets.index.template.html']","                .replace((/\\{\\{env\\.(\\w+?)\\}\\}/g), function (match0, match1) {","                    // jslint-hack","                    String(match0);","                    switch (match1) {","                    case 'npm_package_description':","                        return 'the greatest app in the world!';","                    case 'npm_package_name':","                        return 'my-app';","                    case 'npm_package_nameAlias':","                        return 'my_app';","                    case 'npm_package_version':","                        return '0.0.1';","                    }","                });","        }","        // run the cli","        if (local.global.utility2_rollup || module !== require.main) {","            break;","        }","        local.assetsDict['/assets.example.js'] =","            local.assetsDict['/assets.example.js'] ||","            local.fs.readFileSync(__filename, 'utf8');","        // bug-workaround - long $npm_package_buildCustomOrg","        /* jslint-ignore-begin */","        local.assetsDict['/assets.npmtest_ascii_art.rollup.js'] =","            local.assetsDict['/assets.npmtest_ascii_art.rollup.js'] ||","            local.fs.readFileSync(","                local.npmtest_ascii_art.__dirname + '/lib.npmtest_ascii_art.js',","                'utf8'","            ).replace((/^#!/), '//');","        /* jslint-ignore-end */","        local.assetsDict['/favicon.ico'] = local.assetsDict['/favicon.ico'] || '';","        // if $npm_config_timeout_exit exists,","        // then exit this process after $npm_config_timeout_exit ms","        if (Number(process.env.npm_config_timeout_exit)) {","            setTimeout(process.exit, Number(process.env.npm_config_timeout_exit));","        }","        // start server","        if (local.global.utility2_serverHttp1) {","            break;","        }","        process.env.PORT = process.env.PORT || '8081';","        console.error('server starting on port ' + process.env.PORT);","        local.http.createServer(function (request, response) {","            request.urlParsed = local.url.parse(request.url);","            if (local.assetsDict[request.urlParsed.pathname] !== undefined) {","                response.end(local.assetsDict[request.urlParsed.pathname]);","                return;","            }","            response.statusCode = 404;","            response.end();","        }).listen(process.env.PORT);","        break;","    }","}());",""],"l":{"26":2,"28":2,"33":2,"35":2,"37":2,"38":2,"39":2,"44":1,"51":2,"55":2,"59":2,"61":2,"69":1,"70":2,"76":2,"79":2,"82":2,"83":2,"85":1,"89":2,"92":1,"93":1,"94":1,"96":1,"97":1,"100":1,"101":1,"103":1,"106":1,"108":2,"114":1,"116":1,"118":1,"123":1,"124":2,"125":2,"126":3,"127":3,"128":3,"129":3,"130":1,"133":3,"134":3,"139":3,"143":1,"144":3,"145":1,"149":1,"150":1,"158":1,"160":1,"161":1,"162":1,"164":1,"166":1,"258":1,"259":1,"271":1,"274":6,"275":6,"277":1,"279":2,"281":1,"283":2,"288":1,"289":1,"291":1,"296":1,"303":1,"306":1,"307":1,"310":1,"311":1,"313":1,"314":1,"315":1,"316":1,"317":1,"318":1,"319":1,"321":1,"322":1,"324":1}},"/home/travis/build/npmtest/node-npmtest-ascii-art/node_modules/ascii-art/ascii-art.js":{"path":"/home/travis/build/npmtest/node-npmtest-ascii-art/node_modules/ascii-art/ascii-art.js","s":{"1":1,"2":1,"3":0,"4":0,"5":0,"6":0,"7":0,"8":0,"9":0,"10":0,"11":0,"12":0,"13":0,"14":1,"15":1,"16":2,"17":2,"18":2,"19":3,"20":0,"21":0,"22":0,"23":0,"24":0,"25":1,"26":1,"27":1,"28":4,"29":9,"30":7,"31":7,"32":7,"33":1,"34":1,"35":1,"36":1,"37":1,"38":0,"39":0,"40":0,"41":0,"42":0,"43":0,"44":0,"45":0,"46":0,"47":0,"48":0,"49":0,"50":0,"51":0,"52":0,"53":0,"54":0,"55":0,"56":0,"57":0,"58":1,"59":0,"60":0,"61":0,"62":0,"63":0,"64":0,"65":0,"66":0,"67":0,"68":1,"69":0,"70":1,"71":0,"72":0,"73":0,"74":0,"75":0,"76":0,"77":0,"78":0,"79":0,"80":0,"81":0,"82":0,"83":0,"84":0,"85":0,"86":0,"87":0,"88":0,"89":0,"90":0,"91":0,"92":0,"93":0,"94":0,"95":0,"96":0,"97":0,"98":0,"99":0,"100":0,"101":0,"102":0,"103":0,"104":0,"105":0,"106":0,"107":0,"108":0,"109":0,"110":0,"111":0,"112":0,"113":0,"114":0,"115":0,"116":0,"117":0,"118":0,"119":0,"120":0,"121":0,"122":0,"123":0,"124":0,"125":0,"126":0,"127":0,"128":0,"129":0,"130":0,"131":0,"132":0,"133":0,"134":0,"135":0,"136":0,"137":0,"138":0,"139":0,"140":0,"141":0,"142":0,"143":0,"144":0,"145":0,"146":0,"147":0,"148":0,"149":0,"150":0,"151":0,"152":0,"153":0,"154":0,"155":0,"156":0,"157":0,"158":0,"159":0,"160":0,"161":0,"162":0,"163":0,"164":0,"165":0,"166":0,"167":0,"168":0,"169":0,"170":0,"171":0,"172":0,"173":0,"174":0,"175":0,"176":0,"177":0,"178":0,"179":0,"180":0,"181":0,"182":0,"183":0,"184":0,"185":0,"186":0,"187":0,"188":0,"189":0,"190":0,"191":0,"192":0,"193":0,"194":0,"195":0,"196":0,"197":0,"198":1,"199":0,"200":0,"201":0,"202":0,"203":0,"204":0,"205":0,"206":0,"207":0,"208":0,"209":1,"210":0,"211":0,"212":0,"213":0,"214":0,"215":0,"216":1,"217":0,"218":0,"219":0,"220":0,"221":0,"222":1,"223":0,"224":0,"225":0,"226":0,"227":0,"228":0,"229":0,"230":0,"231":0,"232":0,"233":0,"234":0,"235":1,"236":0,"237":0,"238":0,"239":0,"240":1,"241":0,"242":0,"243":0,"244":0,"245":0,"246":0,"247":0,"248":0,"249":1,"250":1},"b":{"1":[0,1],"2":[1,0],"3":[0,0],"4":[0,0],"5":[1,0],"6":[1,1],"7":[0,0],"8":[0,0],"9":[0],"10":[0,0],"11":[0,0,0,0,0,0,0,0,0,0,0,0,0],"12":[0,0,0,0,0,0],"13":[0,0],"14":[0,0],"15":[0,0],"16":[0,0],"17":[0,0],"18":[0,0,0],"19":[0,0],"20":[0,0],"21":[0,0],"22":[0,0],"23":[0,0],"24":[0,0],"25":[0,0],"26":[0,0],"27":[0,0],"28":[0,0],"29":[0,0,0,0,0,0,0],"30":[0,0],"31":[0,0],"32":[0,0],"33":[0,0],"34":[0,0,0,0,0],"35":[0,0],"36":[0,0],"37":[0,0],"38":[0,0],"39":[0,0],"40":[0,0],"41":[0,0],"42":[0,0],"43":[0,0],"44":[0,0],"45":[0,0],"46":[0,0],"47":[0,0],"48":[0,0],"49":[0,0],"50":[0,0],"51":[0,0],"52":[0,0],"53":[0,0],"54":[0,0],"55":[0,0],"56":[0,0],"57":[0,0],"58":[0,0,0,0,0],"59":[0,0],"60":[0,0]},"f":{"1":1,"2":0,"3":0,"4":0,"5":0,"6":0,"7":0,"8":0,"9":2,"10":2,"11":2,"12":3,"13":0,"14":0,"15":0,"16":0,"17":1,"18":4,"19":9,"20":0,"21":0,"22":0,"23":0,"24":0,"25":0,"26":0,"27":0,"28":0,"29":0,"30":0,"31":0,"32":0,"33":0,"34":0,"35":0,"36":0,"37":0,"38":0,"39":0,"40":0,"41":0,"42":0,"43":0,"44":0,"45":0,"46":0,"47":0,"48":0,"49":0,"50":0,"51":0,"52":0,"53":0,"54":0,"55":0,"56":0},"fnMap":{"1":{"name":"(anonymous_1)","line":1,"loc":{"start":{"line":1,"column":1},"end":{"line":1,"column":26}}},"2":{"name":"(anonymous_2)","line":10,"loc":{"start":{"line":10,"column":11},"end":{"line":10,"column":55}}},"3":{"name":"(anonymous_3)","line":11,"loc":{"start":{"line":11,"column":27},"end":{"line":11,"column":37}}},"4":{"name":"(anonymous_4)","line":13,"loc":{"start":{"line":13,"column":14},"end":{"line":13,"column":24}}},"5":{"name":"(anonymous_5)","line":15,"loc":{"start":{"line":15,"column":14},"end":{"line":15,"column":24}}},"6":{"name":"(anonymous_6)","line":17,"loc":{"start":{"line":17,"column":14},"end":{"line":17,"column":24}}},"7":{"name":"(anonymous_7)","line":20,"loc":{"start":{"line":20,"column":27},"end":{"line":20,"column":53}}},"8":{"name":"(anonymous_8)","line":24,"loc":{"start":{"line":24,"column":23},"end":{"line":24,"column":47}}},"9":{"name":"(anonymous_9)","line":33,"loc":{"start":{"line":33,"column":33},"end":{"line":33,"column":43}}},"10":{"name":"(anonymous_10)","line":35,"loc":{"start":{"line":35,"column":10},"end":{"line":35,"column":20}}},"11":{"name":"(anonymous_11)","line":37,"loc":{"start":{"line":37,"column":10},"end":{"line":37,"column":20}}},"12":{"name":"(anonymous_12)","line":39,"loc":{"start":{"line":39,"column":10},"end":{"line":39,"column":20}}},"13":{"name":"(anonymous_13)","line":44,"loc":{"start":{"line":44,"column":32},"end":{"line":44,"column":42}}},"14":{"name":"(anonymous_14)","line":46,"loc":{"start":{"line":46,"column":11},"end":{"line":46,"column":21}}},"15":{"name":"(anonymous_15)","line":48,"loc":{"start":{"line":48,"column":11},"end":{"line":48,"column":21}}},"16":{"name":"(anonymous_16)","line":50,"loc":{"start":{"line":50,"column":11},"end":{"line":50,"column":21}}},"17":{"name":"(anonymous_17)","line":54,"loc":{"start":{"line":54,"column":8},"end":{"line":54,"column":70}}},"18":{"name":"proxyOnFirstReference","line":87,"loc":{"start":{"line":87,"column":4},"end":{"line":87,"column":40}}},"19":{"name":"(anonymous_19)","line":89,"loc":{"start":{"line":89,"column":17},"end":{"line":89,"column":28}}},"20":{"name":"(anonymous_20)","line":105,"loc":{"start":{"line":105,"column":22},"end":{"line":105,"column":40}}},"21":{"name":"(anonymous_21)","line":107,"loc":{"start":{"line":107,"column":25},"end":{"line":107,"column":36}}},"22":{"name":"(anonymous_22)","line":140,"loc":{"start":{"line":140,"column":24},"end":{"line":140,"column":48}}},"23":{"name":"(anonymous_23)","line":157,"loc":{"start":{"line":157,"column":18},"end":{"line":157,"column":53}}},"24":{"name":"(anonymous_24)","line":161,"loc":{"start":{"line":161,"column":25},"end":{"line":161,"column":46}}},"25":{"name":"(anonymous_25)","line":172,"loc":{"start":{"line":172,"column":22},"end":{"line":172,"column":55}}},"26":{"name":"(anonymous_26)","line":180,"loc":{"start":{"line":180,"column":20},"end":{"line":180,"column":30}}},"27":{"name":"(anonymous_27)","line":185,"loc":{"start":{"line":185,"column":19},"end":{"line":185,"column":29}}},"28":{"name":"(anonymous_28)","line":189,"loc":{"start":{"line":189,"column":20},"end":{"line":189,"column":30}}},"29":{"name":"(anonymous_29)","line":193,"loc":{"start":{"line":193,"column":24},"end":{"line":193,"column":34}}},"30":{"name":"(anonymous_30)","line":232,"loc":{"start":{"line":232,"column":32},"end":{"line":232,"column":42}}},"31":{"name":"(anonymous_31)","line":238,"loc":{"start":{"line":238,"column":47},"end":{"line":238,"column":69}}},"32":{"name":"(anonymous_32)","line":244,"loc":{"start":{"line":244,"column":32},"end":{"line":244,"column":42}}},"33":{"name":"(anonymous_33)","line":252,"loc":{"start":{"line":252,"column":32},"end":{"line":252,"column":42}}},"34":{"name":"(anonymous_34)","line":261,"loc":{"start":{"line":261,"column":65},"end":{"line":261,"column":79}}},"35":{"name":"(anonymous_35)","line":267,"loc":{"start":{"line":267,"column":32},"end":{"line":267,"column":42}}},"36":{"name":"(anonymous_36)","line":273,"loc":{"start":{"line":273,"column":35},"end":{"line":273,"column":48}}},"37":{"name":"(anonymous_37)","line":295,"loc":{"start":{"line":295,"column":33},"end":{"line":295,"column":52}}},"38":{"name":"(anonymous_38)","line":302,"loc":{"start":{"line":302,"column":20},"end":{"line":302,"column":60}}},"39":{"name":"(anonymous_39)","line":316,"loc":{"start":{"line":316,"column":23},"end":{"line":316,"column":50}}},"40":{"name":"(anonymous_40)","line":324,"loc":{"start":{"line":324,"column":21},"end":{"line":324,"column":52}}},"41":{"name":"(anonymous_41)","line":336,"loc":{"start":{"line":336,"column":21},"end":{"line":336,"column":48}}},"42":{"name":"(anonymous_42)","line":344,"loc":{"start":{"line":344,"column":21},"end":{"line":344,"column":48}}},"43":{"name":"(anonymous_43)","line":350,"loc":{"start":{"line":350,"column":20},"end":{"line":350,"column":44}}},"44":{"name":"(anonymous_44)","line":356,"loc":{"start":{"line":356,"column":23},"end":{"line":356,"column":56}}},"45":{"name":"(anonymous_45)","line":379,"loc":{"start":{"line":379,"column":20},"end":{"line":379,"column":60}}},"46":{"name":"(anonymous_46)","line":388,"loc":{"start":{"line":388,"column":56},"end":{"line":388,"column":70}}},"47":{"name":"(anonymous_47)","line":395,"loc":{"start":{"line":395,"column":21},"end":{"line":395,"column":48}}},"48":{"name":"(anonymous_48)","line":401,"loc":{"start":{"line":401,"column":24},"end":{"line":401,"column":43}}},"49":{"name":"(anonymous_49)","line":407,"loc":{"start":{"line":407,"column":23},"end":{"line":407,"column":50}}},"50":{"name":"(anonymous_50)","line":412,"loc":{"start":{"line":412,"column":41},"end":{"line":412,"column":63}}},"51":{"name":"(anonymous_51)","line":418,"loc":{"start":{"line":418,"column":21},"end":{"line":418,"column":48}}},"52":{"name":"(anonymous_52)","line":428,"loc":{"start":{"line":428,"column":22},"end":{"line":428,"column":35}}},"53":{"name":"(anonymous_53)","line":447,"loc":{"start":{"line":447,"column":23},"end":{"line":447,"column":56}}},"54":{"name":"checkComplete","line":451,"loc":{"start":{"line":451,"column":8},"end":{"line":451,"column":32}}},"55":{"name":"(anonymous_55)","line":455,"loc":{"start":{"line":455,"column":21},"end":{"line":455,"column":41}}},"56":{"name":"(anonymous_56)","line":457,"loc":{"start":{"line":457,"column":60},"end":{"line":457,"column":78}}}},"statementMap":{"1":{"start":{"line":1,"column":0},"end":{"line":472,"column":4}},"2":{"start":{"line":2,"column":4},"end":{"line":53,"column":5}},"3":{"start":{"line":3,"column":8},"end":{"line":30,"column":11}},"4":{"start":{"line":11,"column":12},"end":{"line":29,"column":24}},"5":{"start":{"line":12,"column":16},"end":{"line":12,"column":27}},"6":{"start":{"line":14,"column":16},"end":{"line":14,"column":27}},"7":{"start":{"line":16,"column":16},"end":{"line":16,"column":27}},"8":{"start":{"line":18,"column":16},"end":{"line":18,"column":28}},"9":{"start":{"line":21,"column":20},"end":{"line":21,"column":58}},"10":{"start":{"line":22,"column":20},"end":{"line":27,"column":22}},"11":{"start":{"line":25,"column":24},"end":{"line":26,"column":49}},"12":{"start":{"line":25,"column":32},"end":{"line":25,"column":47}},"13":{"start":{"line":26,"column":29},"end":{"line":26,"column":49}},"14":{"start":{"line":31,"column":11},"end":{"line":53,"column":5}},"15":{"start":{"line":33,"column":8},"end":{"line":41,"column":46}},"16":{"start":{"line":34,"column":12},"end":{"line":34,"column":38}},"17":{"start":{"line":36,"column":12},"end":{"line":36,"column":38}},"18":{"start":{"line":38,"column":12},"end":{"line":38,"column":39}},"19":{"start":{"line":40,"column":12},"end":{"line":40,"column":37}},"20":{"start":{"line":44,"column":8},"end":{"line":52,"column":20}},"21":{"start":{"line":45,"column":12},"end":{"line":45,"column":38}},"22":{"start":{"line":47,"column":12},"end":{"line":47,"column":38}},"23":{"start":{"line":49,"column":12},"end":{"line":49,"column":39}},"24":{"start":{"line":51,"column":12},"end":{"line":51,"column":37}},"25":{"start":{"line":55,"column":4},"end":{"line":60,"column":6}},"26":{"start":{"line":61,"column":4},"end":{"line":84,"column":6}},"27":{"start":{"line":87,"column":4},"end":{"line":98,"column":5}},"28":{"start":{"line":88,"column":8},"end":{"line":97,"column":11}},"29":{"start":{"line":90,"column":16},"end":{"line":90,"column":43}},"30":{"start":{"line":91,"column":16},"end":{"line":91,"column":45}},"31":{"start":{"line":92,"column":16},"end":{"line":92,"column":40}},"32":{"start":{"line":93,"column":16},"end":{"line":93,"column":30}},"33":{"start":{"line":99,"column":4},"end":{"line":99,"column":36}},"34":{"start":{"line":100,"column":4},"end":{"line":100,"column":35}},"35":{"start":{"line":101,"column":4},"end":{"line":101,"column":35}},"36":{"start":{"line":102,"column":4},"end":{"line":102,"column":34}},"37":{"start":{"line":105,"column":4},"end":{"line":154,"column":5}},"38":{"start":{"line":106,"column":8},"end":{"line":106,"column":42}},"39":{"start":{"line":107,"column":8},"end":{"line":109,"column":9}},"40":{"start":{"line":107,"column":38},"end":{"line":107,"column":54}},"41":{"start":{"line":108,"column":12},"end":{"line":108,"column":57}},"42":{"start":{"line":111,"column":8},"end":{"line":153,"column":9}},"43":{"start":{"line":113,"column":16},"end":{"line":151,"column":13}},"44":{"start":{"line":114,"column":20},"end":{"line":114,"column":33}},"45":{"start":{"line":115,"column":20},"end":{"line":115,"column":34}},"46":{"start":{"line":116,"column":20},"end":{"line":137,"column":21}},"47":{"start":{"line":118,"column":28},"end":{"line":118,"column":47}},"48":{"start":{"line":120,"column":28},"end":{"line":120,"column":46}},"49":{"start":{"line":121,"column":28},"end":{"line":121,"column":34}},"50":{"start":{"line":124,"column":28},"end":{"line":124,"column":42}},"51":{"start":{"line":125,"column":28},"end":{"line":125,"column":34}},"52":{"start":{"line":135,"column":28},"end":{"line":135,"column":45}},"53":{"start":{"line":136,"column":28},"end":{"line":136,"column":34}},"54":{"start":{"line":138,"column":20},"end":{"line":149,"column":22}},"55":{"start":{"line":141,"column":28},"end":{"line":146,"column":47}},"56":{"start":{"line":147,"column":28},"end":{"line":147,"column":48}},"57":{"start":{"line":150,"column":16},"end":{"line":150,"column":22}},"58":{"start":{"line":157,"column":4},"end":{"line":171,"column":6}},"59":{"start":{"line":158,"column":8},"end":{"line":158,"column":44}},"60":{"start":{"line":159,"column":8},"end":{"line":159,"column":44}},"61":{"start":{"line":160,"column":8},"end":{"line":160,"column":66}},"62":{"start":{"line":161,"column":8},"end":{"line":169,"column":11}},"63":{"start":{"line":162,"column":12},"end":{"line":168,"column":13}},"64":{"start":{"line":163,"column":16},"end":{"line":167,"column":17}},"65":{"start":{"line":164,"column":20},"end":{"line":164,"column":109}},"66":{"start":{"line":166,"column":20},"end":{"line":166,"column":75}},"67":{"start":{"line":170,"column":8},"end":{"line":170,"column":35}},"68":{"start":{"line":172,"column":4},"end":{"line":179,"column":5}},"69":{"start":{"line":173,"column":8},"end":{"line":178,"column":10}},"70":{"start":{"line":180,"column":4},"end":{"line":377,"column":6}},"71":{"start":{"line":181,"column":8},"end":{"line":181,"column":15}},"72":{"start":{"line":182,"column":8},"end":{"line":182,"column":23}},"73":{"start":{"line":183,"column":8},"end":{"line":183,"column":19}},"74":{"start":{"line":184,"column":8},"end":{"line":184,"column":22}},"75":{"start":{"line":185,"column":8},"end":{"line":188,"column":9}},"76":{"start":{"line":186,"column":12},"end":{"line":186,"column":31}},"77":{"start":{"line":187,"column":12},"end":{"line":187,"column":20}},"78":{"start":{"line":189,"column":8},"end":{"line":301,"column":9}},"79":{"start":{"line":190,"column":12},"end":{"line":191,"column":35}},"80":{"start":{"line":190,"column":27},"end":{"line":190,"column":34}},"81":{"start":{"line":191,"column":17},"end":{"line":191,"column":35}},"82":{"start":{"line":192,"column":12},"end":{"line":195,"column":13}},"83":{"start":{"line":193,"column":16},"end":{"line":193,"column":37}},"84":{"start":{"line":194,"column":16},"end":{"line":194,"column":27}},"85":{"start":{"line":197,"column":12},"end":{"line":197,"column":21}},"86":{"start":{"line":198,"column":12},"end":{"line":198,"column":21}},"87":{"start":{"line":199,"column":12},"end":{"line":229,"column":14}},"88":{"start":{"line":200,"column":17},"end":{"line":200,"column":38}},"89":{"start":{"line":201,"column":17},"end":{"line":201,"column":54}},"90":{"start":{"line":201,"column":34},"end":{"line":201,"column":54}},"91":{"start":{"line":202,"column":17},"end":{"line":228,"column":18}},"92":{"start":{"line":203,"column":21},"end":{"line":203,"column":35}},"93":{"start":{"line":205,"column":21},"end":{"line":227,"column":22}},"94":{"start":{"line":206,"column":25},"end":{"line":206,"column":42}},"95":{"start":{"line":208,"column":25},"end":{"line":226,"column":26}},"96":{"start":{"line":209,"column":29},"end":{"line":209,"column":44}},"97":{"start":{"line":211,"column":29},"end":{"line":225,"column":30}},"98":{"start":{"line":214,"column":33},"end":{"line":214,"column":50}},"99":{"start":{"line":216,"column":33},"end":{"line":224,"column":34}},"100":{"start":{"line":217,"column":37},"end":{"line":217,"column":51}},"101":{"start":{"line":219,"column":37},"end":{"line":223,"column":38}},"102":{"start":{"line":220,"column":41},"end":{"line":220,"column":56}},"103":{"start":{"line":222,"column":41},"end":{"line":222,"column":56}},"104":{"start":{"line":230,"column":13},"end":{"line":300,"column":14}},"105":{"start":{"line":232,"column":21},"end":{"line":235,"column":27}},"106":{"start":{"line":233,"column":25},"end":{"line":233,"column":60}},"107":{"start":{"line":234,"column":25},"end":{"line":234,"column":32}},"108":{"start":{"line":236,"column":20},"end":{"line":236,"column":26}},"109":{"start":{"line":238,"column":21},"end":{"line":241,"column":24}},"110":{"start":{"line":239,"column":25},"end":{"line":239,"column":63}},"111":{"start":{"line":240,"column":25},"end":{"line":240,"column":32}},"112":{"start":{"line":242,"column":20},"end":{"line":242,"column":26}},"113":{"start":{"line":244,"column":21},"end":{"line":249,"column":27}},"114":{"start":{"line":245,"column":25},"end":{"line":247,"column":38}},"115":{"start":{"line":248,"column":25},"end":{"line":248,"column":32}},"116":{"start":{"line":250,"column":20},"end":{"line":250,"column":26}},"117":{"start":{"line":252,"column":21},"end":{"line":258,"column":27}},"118":{"start":{"line":253,"column":25},"end":{"line":255,"column":27}},"119":{"start":{"line":256,"column":25},"end":{"line":256,"column":56}},"120":{"start":{"line":256,"column":38},"end":{"line":256,"column":56}},"121":{"start":{"line":257,"column":25},"end":{"line":257,"column":32}},"122":{"start":{"line":259,"column":20},"end":{"line":259,"column":26}},"123":{"start":{"line":261,"column":21},"end":{"line":264,"column":24}},"124":{"start":{"line":262,"column":25},"end":{"line":262,"column":72}},"125":{"start":{"line":263,"column":25},"end":{"line":263,"column":32}},"126":{"start":{"line":265,"column":21},"end":{"line":265,"column":27}},"127":{"start":{"line":267,"column":21},"end":{"line":291,"column":27}},"128":{"start":{"line":268,"column":25},"end":{"line":268,"column":39}},"129":{"start":{"line":269,"column":25},"end":{"line":275,"column":27}},"130":{"start":{"line":274,"column":29},"end":{"line":274,"column":51}},"131":{"start":{"line":276,"column":25},"end":{"line":276,"column":62}},"132":{"start":{"line":277,"column":25},"end":{"line":278,"column":58}},"133":{"start":{"line":279,"column":25},"end":{"line":279,"column":63}},"134":{"start":{"line":280,"column":25},"end":{"line":280,"column":48}},"135":{"start":{"line":281,"column":25},"end":{"line":288,"column":27}},"136":{"start":{"line":289,"column":25},"end":{"line":289,"column":59}},"137":{"start":{"line":290,"column":25},"end":{"line":290,"column":32}},"138":{"start":{"line":292,"column":20},"end":{"line":292,"column":26}},"139":{"start":{"line":294,"column":20},"end":{"line":294,"column":57}},"140":{"start":{"line":295,"column":21},"end":{"line":298,"column":24}},"141":{"start":{"line":296,"column":25},"end":{"line":296,"column":69}},"142":{"start":{"line":296,"column":34},"end":{"line":296,"column":69}},"143":{"start":{"line":297,"column":25},"end":{"line":297,"column":32}},"144":{"start":{"line":299,"column":20},"end":{"line":299,"column":26}},"145":{"start":{"line":302,"column":8},"end":{"line":315,"column":10}},"146":{"start":{"line":303,"column":12},"end":{"line":306,"column":13}},"147":{"start":{"line":304,"column":16},"end":{"line":304,"column":33}},"148":{"start":{"line":305,"column":16},"end":{"line":305,"column":34}},"149":{"start":{"line":307,"column":12},"end":{"line":307,"column":39}},"150":{"start":{"line":307,"column":25},"end":{"line":307,"column":39}},"151":{"start":{"line":308,"column":12},"end":{"line":312,"column":15}},"152":{"start":{"line":313,"column":12},"end":{"line":313,"column":20}},"153":{"start":{"line":314,"column":12},"end":{"line":314,"column":22}},"154":{"start":{"line":316,"column":8},"end":{"line":323,"column":9}},"155":{"start":{"line":317,"column":12},"end":{"line":317,"column":39}},"156":{"start":{"line":317,"column":25},"end":{"line":317,"column":39}},"157":{"start":{"line":318,"column":12},"end":{"line":320,"column":15}},"158":{"start":{"line":321,"column":12},"end":{"line":321,"column":20}},"159":{"start":{"line":322,"column":12},"end":{"line":322,"column":22}},"160":{"start":{"line":324,"column":8},"end":{"line":335,"column":9}},"161":{"start":{"line":325,"column":12},"end":{"line":325,"column":41}},"162":{"start":{"line":326,"column":12},"end":{"line":331,"column":13}},"163":{"start":{"line":327,"column":16},"end":{"line":327,"column":26}},"164":{"start":{"line":329,"column":16},"end":{"line":329,"column":43}},"165":{"start":{"line":329,"column":29},"end":{"line":329,"column":43}},"166":{"start":{"line":330,"column":16},"end":{"line":330,"column":33}},"167":{"start":{"line":332,"column":12},"end":{"line":332,"column":29}},"168":{"start":{"line":333,"column":12},"end":{"line":333,"column":20}},"169":{"start":{"line":334,"column":12},"end":{"line":334,"column":22}},"170":{"start":{"line":336,"column":8},"end":{"line":343,"column":10}},"171":{"start":{"line":337,"column":12},"end":{"line":337,"column":39}},"172":{"start":{"line":337,"column":25},"end":{"line":337,"column":39}},"173":{"start":{"line":338,"column":12},"end":{"line":340,"column":15}},"174":{"start":{"line":341,"column":12},"end":{"line":341,"column":20}},"175":{"start":{"line":342,"column":12},"end":{"line":342,"column":22}},"176":{"start":{"line":344,"column":8},"end":{"line":349,"column":10}},"177":{"start":{"line":345,"column":12},"end":{"line":345,"column":39}},"178":{"start":{"line":345,"column":25},"end":{"line":345,"column":39}},"179":{"start":{"line":346,"column":12},"end":{"line":346,"column":32}},"180":{"start":{"line":347,"column":12},"end":{"line":347,"column":20}},"181":{"start":{"line":348,"column":12},"end":{"line":348,"column":22}},"182":{"start":{"line":350,"column":8},"end":{"line":355,"column":10}},"183":{"start":{"line":351,"column":12},"end":{"line":351,"column":39}},"184":{"start":{"line":351,"column":25},"end":{"line":351,"column":39}},"185":{"start":{"line":352,"column":12},"end":{"line":352,"column":29}},"186":{"start":{"line":353,"column":12},"end":{"line":353,"column":20}},"187":{"start":{"line":354,"column":12},"end":{"line":354,"column":22}},"188":{"start":{"line":356,"column":8},"end":{"line":375,"column":10}},"189":{"start":{"line":357,"column":12},"end":{"line":360,"column":13}},"190":{"start":{"line":358,"column":16},"end":{"line":358,"column":35}},"191":{"start":{"line":359,"column":16},"end":{"line":359,"column":37}},"192":{"start":{"line":361,"column":12},"end":{"line":361,"column":39}},"193":{"start":{"line":361,"column":25},"end":{"line":361,"column":39}},"194":{"start":{"line":362,"column":12},"end":{"line":372,"column":15}},"195":{"start":{"line":373,"column":12},"end":{"line":373,"column":20}},"196":{"start":{"line":374,"column":12},"end":{"line":374,"column":22}},"197":{"start":{"line":376,"column":8},"end":{"line":376,"column":20}},"198":{"start":{"line":379,"column":4},"end":{"line":393,"column":5}},"199":{"start":{"line":380,"column":8},"end":{"line":383,"column":9}},"200":{"start":{"line":381,"column":12},"end":{"line":381,"column":29}},"201":{"start":{"line":382,"column":12},"end":{"line":382,"column":30}},"202":{"start":{"line":384,"column":8},"end":{"line":392,"column":9}},"203":{"start":{"line":385,"column":12},"end":{"line":385,"column":44}},"204":{"start":{"line":386,"column":12},"end":{"line":386,"column":52}},"205":{"start":{"line":388,"column":12},"end":{"line":391,"column":15}},"206":{"start":{"line":389,"column":16},"end":{"line":389,"column":72}},"207":{"start":{"line":389,"column":26},"end":{"line":389,"column":72}},"208":{"start":{"line":390,"column":16},"end":{"line":390,"column":31}},"209":{"start":{"line":395,"column":4},"end":{"line":405,"column":5}},"210":{"start":{"line":396,"column":8},"end":{"line":404,"column":9}},"211":{"start":{"line":397,"column":12},"end":{"line":397,"column":44}},"212":{"start":{"line":398,"column":12},"end":{"line":398,"column":40}},"213":{"start":{"line":400,"column":12},"end":{"line":400,"column":52}},"214":{"start":{"line":401,"column":12},"end":{"line":403,"column":15}},"215":{"start":{"line":402,"column":16},"end":{"line":402,"column":31}},"216":{"start":{"line":407,"column":4},"end":{"line":416,"column":5}},"217":{"start":{"line":408,"column":8},"end":{"line":415,"column":9}},"218":{"start":{"line":409,"column":12},"end":{"line":409,"column":44}},"219":{"start":{"line":410,"column":12},"end":{"line":410,"column":40}},"220":{"start":{"line":412,"column":12},"end":{"line":414,"column":15}},"221":{"start":{"line":413,"column":16},"end":{"line":413,"column":34}},"222":{"start":{"line":418,"column":4},"end":{"line":445,"column":5}},"223":{"start":{"line":419,"column":8},"end":{"line":444,"column":9}},"224":{"start":{"line":420,"column":12},"end":{"line":420,"column":44}},"225":{"start":{"line":421,"column":12},"end":{"line":421,"column":40}},"226":{"start":{"line":423,"column":12},"end":{"line":423,"column":26}},"227":{"start":{"line":424,"column":12},"end":{"line":430,"column":14}},"228":{"start":{"line":429,"column":16},"end":{"line":429,"column":41}},"229":{"start":{"line":431,"column":12},"end":{"line":431,"column":49}},"230":{"start":{"line":432,"column":12},"end":{"line":432,"column":78}},"231":{"start":{"line":433,"column":12},"end":{"line":433,"column":50}},"232":{"start":{"line":434,"column":12},"end":{"line":434,"column":38}},"233":{"start":{"line":435,"column":12},"end":{"line":442,"column":14}},"234":{"start":{"line":443,"column":12},"end":{"line":443,"column":29}},"235":{"start":{"line":447,"column":4},"end":{"line":462,"column":5}},"236":{"start":{"line":448,"column":8},"end":{"line":448,"column":64}},"237":{"start":{"line":448,"column":39},"end":{"line":448,"column":64}},"238":{"start":{"line":449,"column":8},"end":{"line":449,"column":21}},"239":{"start":{"line":450,"column":8},"end":{"line":450,"column":25}},"240":{"start":{"line":451,"column":8},"end":{"line":454,"column":9}},"241":{"start":{"line":452,"column":12},"end":{"line":452,"column":19}},"242":{"start":{"line":453,"column":12},"end":{"line":453,"column":60}},"243":{"start":{"line":453,"column":26},"end":{"line":453,"column":60}},"244":{"start":{"line":455,"column":8},"end":{"line":461,"column":11}},"245":{"start":{"line":456,"column":12},"end":{"line":456,"column":19}},"246":{"start":{"line":457,"column":12},"end":{"line":460,"column":14}},"247":{"start":{"line":458,"column":16},"end":{"line":458,"column":42}},"248":{"start":{"line":459,"column":16},"end":{"line":459,"column":32}},"249":{"start":{"line":464,"column":4},"end":{"line":464,"column":41}},"250":{"start":{"line":471,"column":4},"end":{"line":471,"column":20}}},"branchMap":{"1":{"line":2,"type":"if","locations":[{"start":{"line":2,"column":4},"end":{"line":2,"column":4}},{"start":{"line":2,"column":4},"end":{"line":2,"column":4}}]},"2":{"line":2,"type":"binary-expr","locations":[{"start":{"line":2,"column":8},"end":{"line":2,"column":36}},{"start":{"line":2,"column":40},"end":{"line":2,"column":50}}]},"3":{"line":21,"type":"cond-expr","locations":[{"start":{"line":21,"column":52},"end":{"line":21,"column":54}},{"start":{"line":21,"column":55},"end":{"line":21,"column":57}}]},"4":{"line":25,"type":"if","locations":[{"start":{"line":25,"column":24},"end":{"line":25,"column":24}},{"start":{"line":25,"column":24},"end":{"line":25,"column":24}}]},"5":{"line":31,"type":"if","locations":[{"start":{"line":31,"column":11},"end":{"line":31,"column":11}},{"start":{"line":31,"column":11},"end":{"line":31,"column":11}}]},"6":{"line":31,"type":"binary-expr","locations":[{"start":{"line":31,"column":15},"end":{"line":31,"column":41}},{"start":{"line":31,"column":45},"end":{"line":31,"column":59}}]},"7":{"line":106,"type":"binary-expr","locations":[{"start":{"line":106,"column":21},"end":{"line":106,"column":25}},{"start":{"line":106,"column":28},"end":{"line":106,"column":30}}]},"8":{"line":107,"type":"if","locations":[{"start":{"line":107,"column":8},"end":{"line":107,"column":8}},{"start":{"line":107,"column":8},"end":{"line":107,"column":8}}]},"9":{"line":111,"type":"switch","locations":[{"start":{"line":112,"column":12},"end":{"line":151,"column":13}}]},"10":{"line":113,"type":"if","locations":[{"start":{"line":113,"column":16},"end":{"line":113,"column":16}},{"start":{"line":113,"column":16},"end":{"line":113,"column":16}}]},"11":{"line":116,"type":"switch","locations":[{"start":{"line":117,"column":24},"end":{"line":118,"column":47}},{"start":{"line":119,"column":24},"end":{"line":121,"column":34}},{"start":{"line":122,"column":24},"end":{"line":122,"column":37}},{"start":{"line":123,"column":24},"end":{"line":125,"column":34}},{"start":{"line":126,"column":24},"end":{"line":126,"column":37}},{"start":{"line":127,"column":24},"end":{"line":127,"column":41}},{"start":{"line":128,"column":24},"end":{"line":128,"column":41}},{"start":{"line":129,"column":24},"end":{"line":129,"column":38}},{"start":{"line":130,"column":24},"end":{"line":130,"column":38}},{"start":{"line":131,"column":24},"end":{"line":131,"column":40}},{"start":{"line":132,"column":24},"end":{"line":132,"column":35}},{"start":{"line":133,"column":24},"end":{"line":133,"column":38}},{"start":{"line":134,"column":24},"end":{"line":136,"column":34}}]},"12":{"line":141,"type":"binary-expr","locations":[{"start":{"line":141,"column":39},"end":{"line":141,"
[...]
"column":107}},"24":{"start":{"line":103,"column":12},"end":{"line":103,"column":99}},"25":{"start":{"line":103,"column":63},"end":{"line":103,"column":99}},"26":{"start":{"line":104,"column":12},"end":{"line":104,"column":34}},"27":{"start":{"line":104,"column":22},"end":{"line":104,"column":34}},"28":{"start":{"line":108,"column":12},"end":{"line":108,"column":73}},"29":{"start":{"line":109,"column":12},"end":{"line":109,"column":41}},"30":{"start":{"line":110,"column":12},"end":{"line":110,"column":22}},"31":{"start":{"line":111,"column":12},"end":{"line":118,"column":13}},"32":{"start":{"line":112,"column":16},"end":{"line":112,"column":45}},"33":{"start":{"line":113,"column":16},"end":{"line":113,"column":48}},"34":{"start":{"line":114,"column":16},"end":{"line":114,"column":58}},"35":{"start":{"line":115,"column":16},"end":{"line":117,"column":17}},"36":{"start":{"line":116,"column":20},"end":{"line":116,"column":100}},"37":{"start":{"line":119,"column":12},"end":{"line":121,"column":13}},"38":{"start":{"line":120,"column":16},"end":{"line":120,"column":78}},"39":{"start":{"line":122,"column":12},"end":{"line":122,"column":27}},"40":{"start":{"line":123,"column":12},"end":{"line":123,"column":26}},"41":{"start":{"line":125,"column":8},"end":{"line":135,"column":11}},"42":{"start":{"line":126,"column":12},"end":{"line":134,"column":15}},"43":{"start":{"line":128,"column":18},"end":{"line":128,"column":41}},"44":{"start":{"line":129,"column":18},"end":{"line":129,"column":37}},"45":{"start":{"line":130,"column":18},"end":{"line":130,"column":47}},"46":{"start":{"line":136,"column":8},"end":{"line":136,"column":19}},"47":{"start":{"line":139,"column":4},"end":{"line":139,"column":25}}},"branchMap":{"1":{"line":2,"type":"if","locations":[{"start":{"line":2,"column":4},"end":{"line":2,"column":4}},{"start":{"line":2,"column":4},"end":{"line":2,"column":4}}]},"2":{"line":2,"type":"binary-expr","locations":[{"start":{"line":2,"column":8},"end":{"line":2,"column":36}},{"start":{"line":2,"column":40},"end":{"line":2,"column":50}}]},"3":{"line":4,"type":"if","locations":[{"start":{"line":4,"column":11},"end":{"line":4,"column":11}},{"start":{"line":4,"column":11},"end":{"line":4,"column":11}}]},"4":{"line":4,"type":"binary-expr","locations":[{"start":{"line":4,"column":15},"end":{"line":4,"column":41}},{"start":{"line":4,"column":45},"end":{"line":4,"column":59}}]},"5":{"line":91,"type":"if","locations":[{"start":{"line":91,"column":12},"end":{"line":91,"column":12}},{"start":{"line":91,"column":12},"end":{"line":91,"column":12}}]},"6":{"line":99,"type":"cond-expr","locations":[{"start":{"line":99,"column":25},"end":{"line":99,"column":40}},{"start":{"line":99,"column":41},"end":{"line":99,"column":43}}]},"7":{"line":102,"type":"cond-expr","locations":[{"start":{"line":102,"column":46},"end":{"line":102,"column":52}},{"start":{"line":102,"column":53},"end":{"line":102,"column":106}}]},"8":{"line":103,"type":"if","locations":[{"start":{"line":103,"column":12},"end":{"line":103,"column":12}},{"start":{"line":103,"column":12},"end":{"line":103,"column":12}}]},"9":{"line":103,"type":"binary-expr","locations":[{"start":{"line":103,"column":15},"end":{"line":103,"column":30}},{"start":{"line":103,"column":34},"end":{"line":103,"column":61}}]},"10":{"line":104,"type":"if","locations":[{"start":{"line":104,"column":12},"end":{"line":104,"column":12}},{"start":{"line":104,"column":12},"end":{"line":104,"column":12}}]},"11":{"line":111,"type":"binary-expr","locations":[{"start":{"line":111,"column":18},"end":{"line":111,"column":54}},{"start":{"line":111,"column":58},"end":{"line":111,"column":72}},{"start":{"line":111,"column":76},"end":{"line":111,"column":143}}]},"12":{"line":115,"type":"if","locations":[{"start":{"line":115,"column":16},"end":{"line":115,"column":16}},{"start":{"line":115,"column":16},"end":{"line":115,"column":16}}]},"13":{"line":119,"type":"if","locations":[{"start":{"line":119,"column":12},"end":{"line":119,"column":12}},{"start":{"line":119,"column":12},"end":{"line":119,"column":12}}]}},"code":["(function (root, factory) { // UMD - returnExports","    if (typeof define === 'function' && define.amd) {","        define(['./ascii-art'], factory);","    } else if (typeof module === 'object' && module.exports) {","        ","        module.exports = factory(require('./ascii-art'));","        ","    } else {","        root.chalk = factory(function(){","            return root.AsciiArtImage;","        }, root.fs);","    }","}(this, function(art) {","    ","    var map = {","        reset :  'reset',","        bold : 'bold',","        dim : 'dim',","        italic : 'italic',","        underline : 'underline',","        inverse : 'inverse',","        hidden : 'hidden',","        strikethrough : 'strikethrough',","        black : 'black',","        red : 'red',","        green : 'green',","        yellow : 'yellow',","        blue : 'blue',","        magenta : 'magenta',","        cyan : 'cyan',","        white : 'white',","        gray : 'gray',","        grey : 'gray',","        bgBlack : 'black_bg',","        bgRed : 'red_bg',","        bgGreen : 'green_bg',","        bgYellow : 'yellow_bg',","        bgBlue : 'blue_bg',","        bgMagenta : 'magenta_bg',","        bgCyan : 'cyan_bg',","        bgWhite : 'white_bg'","    }","    ","    var colorNames = ['black', 'red', 'green', 'yellow', 'blue', 'magenta', 'cyan', 'white', 'gray', 'grey'];","    ","    var envClose = {","        bold : '22',","        dim : '22',","        italic : '23',","        underline : '24',","        blink : '25',","        framed : '54',","        encircled : '54',","        strikethrough : '29',","        overlined : '53',","        black : '39',","        red : '39',","        green : '39',","        yellow : '39',","        blue : '39',","        magenta : '39',","        cyan : '39',","        white : '39',","        gray : '39',","        grey : '39',","        bright_black : '39',","        bright_red : '39',","        bright_green : '39',","        bright_yellow : '39',","        bright_blue : '39',","        bright_magenta : '39',","        bright_cyan : '39',","        bright_white : '39',","        bright_gray : '39',","        bright_grey : '39',","        black_bg : '49',","        red_bg : '49',","        green_bg : '49',","        yellow_bg : '49',","        blue_bg : '49',","        magenta_bg : '49',","        cyan_bg : '49',","        white_bg : '49'","    }","    ","    var stack = [];","    ","    function makeClosers(parts){","        var closer = '';","        parts.reverse().forEach(function(part){","            if(envClose[part]) closer += '\\u001b['+envClose[part]+'m';","        });","        return closer;","    }","    ","    var defaultMarker = '\\u001b[39m';","    ","    function context(parent, key){","        var arr = parent?parent.slice(0):[];","        var ctx = function(arg){","            stack.push(key);","            var text = arguments.length === 1?arg+'':Array.prototype.slice.apply(arguments, [0]).join(' ');","            if(arr.length == 1 && arr.indexOf('reset') !== -1) return '\\u001b[0m'+text+'\\u001b[0m';","            if(!text) return text;","            // in a radical depature from convention, ascii-art only uses openers and resets","            // the result is more uniform output (especially on graphics)","            // we implement closers here for symmetry with chalk / colors.js","            var result = art.style(text, arr.join('+'))+makeClosers(arr);","            var parents = stack.slice(0);","            var index;","            while(result.indexOf(defaultMarker) !== -1 && parents.length && result.indexOf(defaultMarker) !== result.lastIndexOf(defaultMarker)){","                var env = map[parents.pop()];","                var marker = art.style('', env);","                var index = result.indexOf(defaultMarker);","                if(index !== -1){","                    result = result.slice(0, index)+marker+result.slice(index+defaultMarker.length);","                }","            }","            if(result.indexOf(\"\\n\") !== -1){","                result = result.replace(\"\\n\", defaultMarker+\"\\n\"+'\\u001b[90m')","            }","            stack.pop(key);","            return result;","        };","        Object.keys(map).forEach(function(key){","            Object.defineProperty(ctx, key, {","              get: function() {","                  var sub = arr.slice(0);","                  sub.push(map[key]);","                  return new context(sub, key);","              },","              enumerable: true,","              configurable: false","            });","        });","        return ctx;","    }","    ","    return new context();","}));"],"l":{"1":1,"2":1,"3":0,"4":1,"6":1,"9":0,"10":0,"15":1,"44":1,"46":1,"86":1,"88":1,"89":0,"90":0,"91":0,"93":0,"96":1,"98":1,"99":55,"100":55,"101":0,"102":0,"103":0,"104":0,"108":0,"109":0,"110":0,"111":0,"112":0,"113":0,"114":0,"115":0,"116":0,"119":0,"120":0,"122":0,"123":0,"125":55,"126":1430,"128":54,"129":54,"130":54,"136":55,"139":1}},"/home/travis/build/npmtest/node-npmtest-ascii-art/node_modules/ascii-art/karma.conf.js":{"path":"/home/travis/build/npmtest/node-npmtest-ascii-art/node_modules/ascii-art/karma.conf.js","s":{"1":1,"2":0},"b":{},"f":{"1":0},"fnMap":{"1":{"name":"(anonymous_1)","line":4,"loc":{"start":{"line":4,"column":17},"end":{"line":4,"column":34}}}},"statementMap":{"1":{"start":{"line":4,"column":0},"end":{"line":81,"column":1}},"2":{"start":{"line":5,"column":2},"end":{"line":80,"column":4}}},"branchMap":{},"code":["// Karma configuration","// Generated on Wed Oct 12 2016 14:47:17 GMT-0700 (PDT)","","module.exports = function(config) {","  config.set({","","    // base path that will be used to resolve all patterns (eg. files, exclude)","    basePath: '',","","","    // frameworks to use","    // available frameworks: https://npmjs.org/browse/keyword/karma-adapter","    frameworks: ['mocha', 'requirejs', 'should'],","","","    // list of files / patterns to load in the browser","    files: [","      'test/karma/init.js',","      {pattern: '*.js', included: false},","      {pattern: 'renderers/*.js', included: false},","      {pattern: 'test/test.js', included: false},","      {pattern: 'test/images/*.nfo', included: false},","      {pattern: 'Images/*.*', included: false},","      {pattern: 'Fonts/*.flf', included: false},","      {pattern: 'node_modules/browser-request/index.js', included:false},","      {pattern: 'node_modules/dirname-shim/shim.js', included:false}","    ],","","","    // list of files to exclude","    exclude: [","    ],","","","    // preprocess matching files before serving them to the browser","    // available preprocessors: https://npmjs.org/browse/keyword/karma-preprocessor","    preprocessors: {","    },","","","    // test results reporter to use","    // possible values: 'dots', 'progress'","    // available reporters: https://npmjs.org/browse/keyword/karma-reporter","    reporters: ['progress'],","","","    // web server port","    port: 8082,","","","    // enable / disable colors in the output (reporters and logs)","    colors: true,","","","    // level of logging","    // possible values: config.LOG_DISABLE || config.LOG_ERROR || config.LOG_WARN || config.LOG_INFO || config.LOG_DEBUG","    logLevel: config.LOG_INFO,","","","    // enable / disable watching file and executing tests whenever any file changes","    autoWatch: false,","","","    // start these browsers","    // available browser launchers: https://npmjs.org/browse/keyword/karma-launcher","    browsers: [","        //'PhantomJS',","        //'Safari',","        'Chrome',","    ],","","","    // Continuous Integration mode","    // if true, Karma captures browsers, runs the tests and exits","    singleRun: true,","","    // Concurrency level","    // how many browser should be started simultaneous","    concurrency: Infinity","  })","}",""],"l":{"4":1,"5":0}},"/home/travis/build/npmtest/node-npmtest-ascii-art/node_modules/ascii-art/renderers/average.js":{"path":"/home/travis/build/npmtest/node-npmtest-ascii-art/node_modules/ascii-art/renderers/average.js","s":{"1":1,"2":1,"3":0,"4":1,"5":1,"6":0,"7":1,"8":1,"9":0,"10":1,"11":0,"12":0,"13":0,"14":0,"15":0,"16":0,"17":0,"18":0,"19":0,"20":0,"21":0,"22":0,"23":0,"24":0,"25":0,"26":0,"27":0,"28":0,"29":0,"30":0,"31":0,"32":0,"33":0,"34":0,"35":0,"36":0,"37":1},"b":{"1":[0,1],"2":[1,0],"3":[1,0],"4":[1,1],"5":[0,0],"6":[0,0],"7":[0,0],"8":[0,0]},"f":{"1":1,"2":1,"3":0,"4":0,"5":0},"fnMap":{"1":{"name":"(anonymous_1)","line":1,"loc":{"start":{"line":1,"column":1},"end":{"line":1,"column":26}}},"2":{"name":"(anonymous_2)","line":9,"loc":{"start":{"line":9,"column":8},"end":{"line":9,"column":20}}},"3":{"name":"(anonymous_3)","line":11,"loc":{"start":{"line":11,"column":19},"end":{"line":11,"column":36}}},"4":{"name":"(anonymous_4)","line":15,"loc":{"start":{"line":15,"column":21},"end":{"line":15,"column":39}}},"5":{"name":"(anonymous_5)","line":18,"loc":{"start":{"line":18,"column":17},"end":{"line":18,"column":49}}}},"statementMap":{"1":{"start":{"line":1,"column":0},"end":{"line":66,"column":4}},"2":{"start":{"line":2,"column":4},"end":{"line":8,"column":5}},"3":{"start":{"line":3,"column":8},"end":{"line":3,"column":28}},"4":{"start":{"line":4,"column":11},"end":{"line":8,"column":5}},"5":{"start":{"line":5,"column":8},"end":{"line":5,"column":35}},"6":{"start":{"line":7,"column":8},"end":{"line":7,"column":39}},"7":{"start":{"line":10,"column":4},"end":{"line":10,"column":17}},"8":{"start":{"line":11,"column":4},"end":{"line":13,"column":5}},"9":{"start":{"line":12,"column":8},"end":{"line":12,"column":25}},"10":{"start":{"line":14,"column":4},"end":{"line":64,"column":6}},"11":{"start":{"line":16,"column":12},"end":{"line":16,"column":32}},"12":{"start":{"line":19,"column":12},"end":{"line":61,"column":13}},"13":{"start":{"line":20,"column":16},"end":{"line":20,"column":48}},"14":{"start":{"line":21,"column":16},"end":{"line":21,"column":50}},"15":{"start":{"line":22,"column":16},"end":{"line":22,"column":37}},"16":{"start":{"line":23,"column":16},"end":{"line":23,"column":69}},"17":{"start":{"line":24,"column":16},"end":{"line":24,"column":67}},"18":{"start":{"line":25,"column":16},"end":{"line":25,"column":57}},"19":{"start":{"line":27,"column":16},"end":{"line":27,"column":54}},"20":{"start":{"line":28,"column":16},"end":{"line":31,"column":18}},"21":{"start":{"line":32,"column":16},"end":{"line":35,"column":23}},"22":{"start":{"line":36,"column":16},"end":{"line":36,"column":32}},"23":{"start":{"line":37,"column":16},"end":{"line":37,"column":33}},"24":{"start":{"line":38,"column":16},"end":{"line":58,"column":17}},"25":{"start":{"line":39,"column":20},"end":{"line":55,"column":21}},"26":{"start":{"line":40,"column":24},"end":{"line":40,"column":59}},"27":{"start":{"line":41,"column":24},"end":{"line":46,"column":26}},"28":{"start":{"line":47,"column":24},"end":{"line":51,"column":30}},"29":{"start":{"line":52,"column":24},"end":{"line":52,"column":94}},"30":{"start":{"line":53,"column":24},"end":{"line":53,"column":125}},"31":{"start":{"line":56,"column":20},"end":{"line":56,"column":35}},"32":{"start":{"line":57,"column":20},"end":{"line":57,"column":45}},"33":{"start":{"line":60,"column":16},"end":{"line":60,"column":42}},"34":{"start":{"line":60,"column":29},"end":{"line":60,"column":42}},"35":{"start":{"line":62,"column":12},"end":{"line":62,"column":53}},"36":{"start":{"line":62,"column":25},"end":{"line":62,"column":53}},"37":{"start":{"line":65,"column":4},"end":{"line":65,"column":18}}},"branchMap":{"1":{"line":2,"type":"if","locations":[{"start":{"line":2,"column":4},"end":{"line":2,"column":4}},{"start":{"line":2,"column":4},"end":{"line":2,"column":4}}]},"2":{"line":2,"type":"binary-expr","locations":[{"start":{"line":2,"column":8},"end":{"line":2,"column":36}},{"start":{"line":2,"column":40},"end":{"line":2,"column":50}}]},"3":{"line":4,"type":"if","locations":[{"start":{"line":4,"column":11},"end":{"line":4,"column":11}},{"start":{"line":4,"column":11},"end":{"line":4,"column":11}}]},"4":{"line":4,"type":"binary-expr","locations":[{"start":{"line":4,"column":15},"end":{"line":4,"column":41}},{"start":{"line":4,"column":45},"end":{"line":4,"column":59}}]},"5":{"line":53,"type":"binary-expr","locations":[{"start":{"line":53,"column":56},"end":{"line":53,"column":92}},{"start":{"line":53,"column":96},"end":{"line":53,"column":99}}]},"6":{"line":53,"type":"binary-expr","locations":[{"start":{"line":53,"column":102},"end":{"line":53,"column":107}},{"start":{"line":53,"column":111},"end":{"line":53,"column":116}}]},"7":{"line":60,"type":"if","locations":[{"start":{"line":60,"column":16},"end":{"line":60,"column":16}},{"start":{"line":60,"column":16},"end":{"line":60,"column":16}}]},"8":{"line":62,"type":"if","locations":[{"start":{"line":62,"column":12},"end":{"line":62,"column":12}},{"start":{"line":62,"column":12},"end":{"line":62,"column":12}}]}},"code":["(function (root, factory) {","    if (typeof define === 'function' && define.amd) {","        define([], factory);","    } else if (typeof module === 'object' && module.exports) {","        module.exports = factory();","    } else {","        root.returnExports = factory();","    }","}(this, function () {","    var AsciiArt;","    var getValue = function(r, g, b){","        return (r+g+b)/3;","    }","    var result = { //characters based on a value scale + averaging","        setInstance: function(instance){","            AsciiArt = instance;","        },","        render : function(image, utils, callback){","            try{","                var width = image.options.width;","                var height = image.options.height;","                var distortion = 0.5;","                height = Math.floor(image.options.height*distortion);","                var newImage = utils.imageFromCanvas(image.canvas);","                var canvas = utils.canvas(width, height);","","                var context = canvas.getContext('2d');","                context.drawImage(","                    newImage, 0, 0,","                    width, height","                );","                var data = context.getImageData(","                    0, 0,","                    width, height","                ).data;","                var result = '';","                var currentColor;","                for(var y=0; y < height; y++){","                    for(var x=0; x < width; x++){","                        var offset = y * width * 4 + x * 4;","                        var color = AsciiArt.Image.getTerminalColor(","                            data[offset],","                            data[offset+1],","                            data[offset+2],","                            image.options","                        );","                        var fraction = getValue(","                            data[offset],","                            data[offset+1],","                            data[offset+2]","                        )/255;","                        var charPosition = Math.floor(image.options.alphabet.length*fraction);","                        result += AsciiArt.Ansi.Codes( (image.options.alphabet[charPosition] || ' '), color || 'off' , true);","                        //result += (image.options.alphabet[charPosition] || ' ');","                    }","                    result += \"\\n\";","                    currentColor = undefined;","                }","            }catch(ex){","                if(callback) callback(ex);","            }","            if(callback) callback(undefined, result);","        }","    };","    return result;","}));",""],"l":{"1":1,"2":1,"3":0,"4":1,"5":1,"7":0,"10":1,"11":1,"12":0,"14":1,"16":0,"19":0,"20":0,"21":0,"22":0,"23":0,"24":0,"25":0,"27":0,"28":0,"32":0,"36":0,"37":0,"38":0,"39":0,"40":0,"41":0,"47":0,"52":0,"53":0,"56":0,"57":0,"60":0,"62":0,"65":1}}}